{"E:\\JS\\Grupo6\\Grupo-6\\UniCardio\\backend\\.env": {"path":"E:\\JS\\Grupo6\\Grupo-6\\UniCardio\\backend\\.env","statementMap":{"0":{"start":{"line":1,"column":0},"end":{"line":3,"column":1}}},"fnMap":{},"branchMap":{},"s":{"0":1},"f":{},"b":{},"_coverageSchema":"332fd63041d2c1bcb487cc26dd0d5f7d97098a6c","hash":"e6efd9920d08ae2e025256fb1de002f6757e866c"}
,"E:\\JS\\Grupo6\\Grupo-6\\UniCardio\\backend\\index.js": {"path":"E:\\JS\\Grupo6\\Grupo-6\\UniCardio\\backend\\index.js","statementMap":{"0":{"start":{"line":1,"column":12},"end":{"line":1,"column":32}},"1":{"start":{"line":2,"column":16},"end":{"line":2,"column":34}},"2":{"start":{"line":3,"column":11},"end":{"line":3,"column":33}},"3":{"start":{"line":5,"column":0},"end":{"line":5,"column":11}},"4":{"start":{"line":7,"column":0},"end":{"line":28,"column":14}},"5":{"start":{"line":30,"column":0},"end":{"line":32,"column":2}},"6":{"start":{"line":31,"column":4},"end":{"line":31,"column":49}},"7":{"start":{"line":34,"column":0},"end":{"line":34,"column":21}}},"fnMap":{"0":{"name":"(anonymous_0)","decl":{"start":{"line":30,"column":17},"end":{"line":30,"column":18}},"loc":{"start":{"line":30,"column":23},"end":{"line":32,"column":1}},"line":30}},"branchMap":{},"s":{"0":1,"1":1,"2":1,"3":1,"4":1,"5":1,"6":1,"7":1},"f":{"0":1},"b":{},"_coverageSchema":"332fd63041d2c1bcb487cc26dd0d5f7d97098a6c","hash":"1b43f716f050e69f3a06c44a3a989451dc7f75b3"}
,"E:\\JS\\Grupo6\\Grupo-6\\UniCardio\\backend\\knexfile.js": {"path":"E:\\JS\\Grupo6\\Grupo-6\\UniCardio\\backend\\knexfile.js","statementMap":{"0":{"start":{"line":1,"column":0},"end":{"line":15,"column":1}}},"fnMap":{},"branchMap":{},"s":{"0":1},"f":{},"b":{},"_coverageSchema":"332fd63041d2c1bcb487cc26dd0d5f7d97098a6c","hash":"d0b1c7bf71be7adc6f9cac37a36d28699a25343a"}
,"E:\\JS\\Grupo6\\Grupo-6\\UniCardio\\backend\\api\\autenticacao.js": {"path":"E:\\JS\\Grupo6\\Grupo-6\\UniCardio\\backend\\api\\autenticacao.js","statementMap":{"0":{"start":{"line":1,"column":23},"end":{"line":1,"column":41}},"1":{"start":{"line":2,"column":12},"end":{"line":2,"column":33}},"2":{"start":{"line":3,"column":15},"end":{"line":3,"column":39}},"3":{"start":{"line":5,"column":0},"end":{"line":56,"column":1}},"4":{"start":{"line":6,"column":19},"end":{"line":36,"column":5}},"5":{"start":{"line":8,"column":8},"end":{"line":10,"column":9}},"6":{"start":{"line":9,"column":12},"end":{"line":9,"column":63}},"7":{"start":{"line":12,"column":21},"end":{"line":14,"column":20}},"8":{"start":{"line":16,"column":8},"end":{"line":16,"column":73}},"9":{"start":{"line":16,"column":19},"end":{"line":16,"column":73}},"10":{"start":{"line":18,"column":24},"end":{"line":18,"column":70}},"11":{"start":{"line":19,"column":8},"end":{"line":19,"column":73}},"12":{"start":{"line":19,"column":22},"end":{"line":19,"column":73}},"13":{"start":{"line":21,"column":20},"end":{"line":21,"column":49}},"14":{"start":{"line":23,"column":25},"end":{"line":30,"column":9}},"15":{"start":{"line":32,"column":8},"end":{"line":35,"column":10}},"16":{"start":{"line":38,"column":26},"end":{"line":53,"column":5}},"17":{"start":{"line":39,"column":25},"end":{"line":39,"column":41}},"18":{"start":{"line":41,"column":8},"end":{"line":50,"column":9}},"19":{"start":{"line":42,"column":12},"end":{"line":47,"column":13}},"20":{"start":{"line":43,"column":30},"end":{"line":43,"column":68}},"21":{"start":{"line":44,"column":16},"end":{"line":46,"column":17}},"22":{"start":{"line":45,"column":20},"end":{"line":45,"column":41}},"23":{"start":{"line":52,"column":8},"end":{"line":52,"column":23}},"24":{"start":{"line":55,"column":4},"end":{"line":55,"column":36}}},"fnMap":{"0":{"name":"(anonymous_0)","decl":{"start":{"line":5,"column":17},"end":{"line":5,"column":18}},"loc":{"start":{"line":5,"column":24},"end":{"line":56,"column":1}},"line":5},"1":{"name":"(anonymous_1)","decl":{"start":{"line":6,"column":19},"end":{"line":6,"column":20}},"loc":{"start":{"line":6,"column":39},"end":{"line":36,"column":5}},"line":6},"2":{"name":"(anonymous_2)","decl":{"start":{"line":38,"column":26},"end":{"line":38,"column":27}},"loc":{"start":{"line":38,"column":46},"end":{"line":53,"column":5}},"line":38}},"branchMap":{"0":{"loc":{"start":{"line":8,"column":8},"end":{"line":10,"column":9}},"type":"if","locations":[{"start":{"line":8,"column":8},"end":{"line":10,"column":9}},{"start":{"line":8,"column":8},"end":{"line":10,"column":9}}],"line":8},"1":{"loc":{"start":{"line":8,"column":12},"end":{"line":8,"column":44}},"type":"binary-expr","locations":[{"start":{"line":8,"column":12},"end":{"line":8,"column":25}},{"start":{"line":8,"column":29},"end":{"line":8,"column":44}}],"line":8},"2":{"loc":{"start":{"line":16,"column":8},"end":{"line":16,"column":73}},"type":"if","locations":[{"start":{"line":16,"column":8},"end":{"line":16,"column":73}},{"start":{"line":16,"column":8},"end":{"line":16,"column":73}}],"line":16},"3":{"loc":{"start":{"line":19,"column":8},"end":{"line":19,"column":73}},"type":"if","locations":[{"start":{"line":19,"column":8},"end":{"line":19,"column":73}},{"start":{"line":19,"column":8},"end":{"line":19,"column":73}}],"line":19},"4":{"loc":{"start":{"line":39,"column":25},"end":{"line":39,"column":41}},"type":"binary-expr","locations":[{"start":{"line":39,"column":25},"end":{"line":39,"column":33}},{"start":{"line":39,"column":37},"end":{"line":39,"column":41}}],"line":39},"5":{"loc":{"start":{"line":42,"column":12},"end":{"line":47,"column":13}},"type":"if","locations":[{"start":{"line":42,"column":12},"end":{"line":47,"column":13}},{"start":{"line":42,"column":12},"end":{"line":47,"column":13}}],"line":42},"6":{"loc":{"start":{"line":44,"column":16},"end":{"line":46,"column":17}},"type":"if","locations":[{"start":{"line":44,"column":16},"end":{"line":46,"column":17}},{"start":{"line":44,"column":16},"end":{"line":46,"column":17}}],"line":44}},"s":{"0":1,"1":1,"2":1,"3":1,"4":1,"5":0,"6":0,"7":0,"8":0,"9":0,"10":0,"11":0,"12":0,"13":0,"14":0,"15":0,"16":1,"17":0,"18":0,"19":0,"20":0,"21":0,"22":0,"23":0,"24":1},"f":{"0":1,"1":0,"2":0},"b":{"0":[0,0],"1":[0,0],"2":[0,0],"3":[0,0],"4":[0,0],"5":[0,0],"6":[0,0]},"_coverageSchema":"332fd63041d2c1bcb487cc26dd0d5f7d97098a6c","hash":"d83f4fb759ec73b5b2c54fdc721f9dc89e0f261b"}
,"E:\\JS\\Grupo6\\Grupo-6\\UniCardio\\backend\\api\\exame.js": {"path":"E:\\JS\\Grupo6\\Grupo-6\\UniCardio\\backend\\api\\exame.js","statementMap":{"0":{"start":{"line":1,"column":0},"end":{"line":29,"column":1}},"1":{"start":{"line":2,"column":48},"end":{"line":2,"column":65}},"2":{"start":{"line":3,"column":22},"end":{"line":3,"column":39}},"3":{"start":{"line":5,"column":24},"end":{"line":26,"column":5}},"4":{"start":{"line":6,"column":22},"end":{"line":6,"column":37}},"5":{"start":{"line":8,"column":8},"end":{"line":20,"column":9}},"6":{"start":{"line":9,"column":12},"end":{"line":9,"column":70}},"7":{"start":{"line":10,"column":12},"end":{"line":10,"column":77}},"8":{"start":{"line":11,"column":12},"end":{"line":11,"column":69}},"9":{"start":{"line":12,"column":12},"end":{"line":12,"column":74}},"10":{"start":{"line":15,"column":12},"end":{"line":15,"column":68}},"11":{"start":{"line":16,"column":12},"end":{"line":16,"column":76}},"12":{"start":{"line":19,"column":12},"end":{"line":19,"column":44}},"13":{"start":{"line":22,"column":23},"end":{"line":22,"column":138}},"14":{"start":{"line":24,"column":8},"end":{"line":24,"column":31}},"15":{"start":{"line":28,"column":4},"end":{"line":28,"column":26}}},"fnMap":{"0":{"name":"(anonymous_0)","decl":{"start":{"line":1,"column":17},"end":{"line":1,"column":18}},"loc":{"start":{"line":1,"column":24},"end":{"line":29,"column":1}},"line":1},"1":{"name":"(anonymous_1)","decl":{"start":{"line":5,"column":24},"end":{"line":5,"column":25}},"loc":{"start":{"line":5,"column":43},"end":{"line":26,"column":5}},"line":5}},"branchMap":{},"s":{"0":1,"1":1,"2":1,"3":1,"4":0,"5":0,"6":0,"7":0,"8":0,"9":0,"10":0,"11":0,"12":0,"13":0,"14":0,"15":1},"f":{"0":1,"1":0},"b":{},"_coverageSchema":"332fd63041d2c1bcb487cc26dd0d5f7d97098a6c","hash":"f86ce5153b32a0158b22f0d518b6de4fa9687213"}
,"E:\\JS\\Grupo6\\Grupo-6\\UniCardio\\backend\\api\\medico.js": {"path":"E:\\JS\\Grupo6\\Grupo-6\\UniCardio\\backend\\api\\medico.js","statementMap":{"0":{"start":{"line":1,"column":0},"end":{"line":116,"column":1}},"1":{"start":{"line":2,"column":48},"end":{"line":2,"column":65}},"2":{"start":{"line":4,"column":23},"end":{"line":4,"column":41}},"3":{"start":{"line":5,"column":67},"end":{"line":5,"column":84}},"4":{"start":{"line":6,"column":67},"end":{"line":6,"column":84}},"5":{"start":{"line":8,"column":25},"end":{"line":50,"column":5}},"6":{"start":{"line":10,"column":23},"end":{"line":10,"column":38}},"7":{"start":{"line":12,"column":8},"end":{"line":30,"column":9}},"8":{"start":{"line":13,"column":12},"end":{"line":13,"column":59}},"9":{"start":{"line":15,"column":12},"end":{"line":20,"column":13}},"10":{"start":{"line":16,"column":16},"end":{"line":16,"column":88}},"11":{"start":{"line":18,"column":19},"end":{"line":20,"column":13}},"12":{"start":{"line":19,"column":16},"end":{"line":19,"column":75}},"13":{"start":{"line":22,"column":34},"end":{"line":24,"column":24}},"14":{"start":{"line":26,"column":12},"end":{"line":26,"column":68}},"15":{"start":{"line":29,"column":12},"end":{"line":29,"column":44}},"16":{"start":{"line":32,"column":8},"end":{"line":48,"column":9}},"17":{"start":{"line":33,"column":12},"end":{"line":33,"column":37}},"18":{"start":{"line":35,"column":15},"end":{"line":48,"column":9}},"19":{"start":{"line":36,"column":12},"end":{"line":36,"column":37}},"20":{"start":{"line":38,"column":15},"end":{"line":48,"column":9}},"21":{"start":{"line":40,"column":28},"end":{"line":40,"column":89}},"22":{"start":{"line":42,"column":12},"end":{"line":42,"column":33}},"23":{"start":{"line":44,"column":12},"end":{"line":44,"column":34}},"24":{"start":{"line":47,"column":12},"end":{"line":47,"column":82}},"25":{"start":{"line":52,"column":26},"end":{"line":74,"column":5}},"26":{"start":{"line":53,"column":8},"end":{"line":73,"column":9}},"27":{"start":{"line":54,"column":28},"end":{"line":54,"column":40}},"28":{"start":{"line":56,"column":24},"end":{"line":56,"column":66}},"29":{"start":{"line":58,"column":12},"end":{"line":68,"column":13}},"30":{"start":{"line":59,"column":16},"end":{"line":59,"column":42}},"31":{"start":{"line":61,"column":19},"end":{"line":68,"column":13}},"32":{"start":{"line":62,"column":16},"end":{"line":62,"column":42}},"33":{"start":{"line":64,"column":19},"end":{"line":68,"column":13}},"34":{"start":{"line":65,"column":16},"end":{"line":65,"column":53}},"35":{"start":{"line":67,"column":16},"end":{"line":67,"column":38}},"36":{"start":{"line":71,"column":12},"end":{"line":71,"column":68}},"37":{"start":{"line":76,"column":26},"end":{"line":89,"column":5}},"38":{"start":{"line":77,"column":8},"end":{"line":87,"column":9}},"39":{"start":{"line":78,"column":12},"end":{"line":78,"column":37}},"40":{"start":{"line":80,"column":15},"end":{"line":87,"column":9}},"41":{"start":{"line":81,"column":12},"end":{"line":81,"column":37}},"42":{"start":{"line":83,"column":15},"end":{"line":87,"column":9}},"43":{"start":{"line":84,"column":12},"end":{"line":86,"column":56}},"44":{"start":{"line":85,"column":33},"end":{"line":85,"column":50}},"45":{"start":{"line":86,"column":30},"end":{"line":86,"column":55}},"46":{"start":{"line":94,"column":8},"end":{"line":96,"column":9}},"47":{"start":{"line":95,"column":12},"end":{"line":95,"column":23}},"48":{"start":{"line":97,"column":8},"end":{"line":97,"column":20}},"49":{"start":{"line":101,"column":8},"end":{"line":103,"column":9}},"50":{"start":{"line":102,"column":12},"end":{"line":102,"column":23}},"51":{"start":{"line":104,"column":8},"end":{"line":104,"column":20}},"52":{"start":{"line":108,"column":8},"end":{"line":110,"column":9}},"53":{"start":{"line":109,"column":12},"end":{"line":109,"column":23}},"54":{"start":{"line":111,"column":8},"end":{"line":111,"column":20}},"55":{"start":{"line":115,"column":4},"end":{"line":115,"column":57}}},"fnMap":{"0":{"name":"(anonymous_0)","decl":{"start":{"line":1,"column":17},"end":{"line":1,"column":18}},"loc":{"start":{"line":1,"column":24},"end":{"line":116,"column":1}},"line":1},"1":{"name":"(anonymous_1)","decl":{"start":{"line":8,"column":25},"end":{"line":8,"column":26}},"loc":{"start":{"line":8,"column":44},"end":{"line":50,"column":5}},"line":8},"2":{"name":"(anonymous_2)","decl":{"start":{"line":52,"column":26},"end":{"line":52,"column":27}},"loc":{"start":{"line":52,"column":45},"end":{"line":74,"column":5}},"line":52},"3":{"name":"(anonymous_3)","decl":{"start":{"line":76,"column":26},"end":{"line":76,"column":27}},"loc":{"start":{"line":76,"column":40},"end":{"line":89,"column":5}},"line":76},"4":{"name":"(anonymous_4)","decl":{"start":{"line":85,"column":22},"end":{"line":85,"column":23}},"loc":{"start":{"line":85,"column":33},"end":{"line":85,"column":50}},"line":85},"5":{"name":"(anonymous_5)","decl":{"start":{"line":86,"column":23},"end":{"line":86,"column":24}},"loc":{"start":{"line":86,"column":30},"end":{"line":86,"column":55}},"line":86},"6":{"name":"isResidente","decl":{"start":{"line":93,"column":13},"end":{"line":93,"column":24}},"loc":{"start":{"line":93,"column":31},"end":{"line":98,"column":5}},"line":93},"7":{"name":"isProfessor","decl":{"start":{"line":100,"column":13},"end":{"line":100,"column":24}},"loc":{"start":{"line":100,"column":31},"end":{"line":105,"column":5}},"line":100},"8":{"name":"isProfissional","decl":{"start":{"line":107,"column":13},"end":{"line":107,"column":27}},"loc":{"start":{"line":107,"column":34},"end":{"line":112,"column":5}},"line":107}},"branchMap":{"0":{"loc":{"start":{"line":15,"column":12},"end":{"line":20,"column":13}},"type":"if","locations":[{"start":{"line":15,"column":12},"end":{"line":20,"column":13}},{"start":{"line":15,"column":12},"end":{"line":20,"column":13}}],"line":15},"1":{"loc":{"start":{"line":18,"column":19},"end":{"line":20,"column":13}},"type":"if","locations":[{"start":{"line":18,"column":19},"end":{"line":20,"column":13}},{"start":{"line":18,"column":19},"end":{"line":20,"column":13}}],"line":18},"2":{"loc":{"start":{"line":32,"column":8},"end":{"line":48,"column":9}},"type":"if","locations":[{"start":{"line":32,"column":8},"end":{"line":48,"column":9}},{"start":{"line":32,"column":8},"end":{"line":48,"column":9}}],"line":32},"3":{"loc":{"start":{"line":35,"column":15},"end":{"line":48,"column":9}},"type":"if","locations":[{"start":{"line":35,"column":15},"end":{"line":48,"column":9}},{"start":{"line":35,"column":15},"end":{"line":48,"column":9}}],"line":35},"4":{"loc":{"start":{"line":38,"column":15},"end":{"line":48,"column":9}},"type":"if","locations":[{"start":{"line":38,"column":15},"end":{"line":48,"column":9}},{"start":{"line":38,"column":15},"end":{"line":48,"column":9}}],"line":38},"5":{"loc":{"start":{"line":58,"column":12},"end":{"line":68,"column":13}},"type":"if","locations":[{"start":{"line":58,"column":12},"end":{"line":68,"column":13}},{"start":{"line":58,"column":12},"end":{"line":68,"column":13}}],"line":58},"6":{"loc":{"start":{"line":61,"column":19},"end":{"line":68,"column":13}},"type":"if","locations":[{"start":{"line":61,"column":19},"end":{"line":68,"column":13}},{"start":{"line":61,"column":19},"end":{"line":68,"column":13}}],"line":61},"7":{"loc":{"start":{"line":64,"column":19},"end":{"line":68,"column":13}},"type":"if","locations":[{"start":{"line":64,"column":19},"end":{"line":68,"column":13}},{"start":{"line":64,"column":19},"end":{"line":68,"column":13}}],"line":64},"8":{"loc":{"start":{"line":77,"column":8},"end":{"line":87,"column":9}},"type":"if","locations":[{"start":{"line":77,"column":8},"end":{"line":87,"column":9}},{"start":{"line":77,"column":8},"end":{"line":87,"column":9}}],"line":77},"9":{"loc":{"start":{"line":80,"column":15},"end":{"line":87,"column":9}},"type":"if","locations":[{"start":{"line":80,"column":15},"end":{"line":87,"column":9}},{"start":{"line":80,"column":15},"end":{"line":87,"column":9}}],"line":80},"10":{"loc":{"start":{"line":83,"column":15},"end":{"line":87,"column":9}},"type":"if","locations":[{"start":{"line":83,"column":15},"end":{"line":87,"column":9}},{"start":{"line":83,"column":15},"end":{"line":87,"column":9}}],"line":83},"11":{"loc":{"start":{"line":94,"column":8},"end":{"line":96,"column":9}},"type":"if","locations":[{"start":{"line":94,"column":8},"end":{"line":96,"column":9}},{"start":{"line":94,"column":8},"end":{"line":96,"column":9}}],"line":94},"12":{"loc":{"start":{"line":101,"column":8},"end":{"line":103,"column":9}},"type":"if","locations":[{"start":{"line":101,"column":8},"end":{"line":103,"column":9}},{"start":{"line":101,"column":8},"end":{"line":103,"column":9}}],"line":101},"13":{"loc":{"start":{"line":108,"column":8},"end":{"line":110,"column":9}},"type":"if","locations":[{"start":{"line":108,"column":8},"end":{"line":110,"column":9}},{"start":{"line":108,"column":8},"end":{"line":110,"column":9}}],"line":108}},"s":{"0":1,"1":1,"2":1,"3":1,"4":1,"5":1,"6":0,"7":0,"8":0,"9":0,"10":0,"11":0,"12":0,"13":0,"14":0,"15":0,"16":0,"17":0,"18":0,"19":0,"20":0,"21":0,"22":0,"23":0,"24":0,"25":1,"26":0,"27":0,"28":0,"29":0,"30":0,"31":0,"32":0,"33":0,"34":0,"35":0,"36":0,"37":1,"38":0,"39":0,"40":0,"41":0,"42":0,"43":0,"44":0,"45":0,"46":0,"47":0,"48":0,"49":0,"50":0,"51":0,"52":0,"53":0,"54":0,"55":1},"f":{"0":1,"1":0,"2":0,"3":0,"4":0,"5":0,"6":0,"7":0,"8":0},"b":{"0":[0,0],"1":[0,0],"2":[0,0],"3":[0,0],"4":[0,0],"5":[0,0],"6":[0,0],"7":[0,0],"8":[0,0],"9":[0,0],"10":[0,0],"11":[0,0],"12":[0,0],"13":[0,0]},"_coverageSchema":"332fd63041d2c1bcb487cc26dd0d5f7d97098a6c","hash":"575b3a629fe3156a310180080e83fffbd06474a1"}
,"E:\\JS\\Grupo6\\Grupo-6\\UniCardio\\backend\\api\\paciente.js": {"path":"E:\\JS\\Grupo6\\Grupo-6\\UniCardio\\backend\\api\\paciente.js","statementMap":{"0":{"start":{"line":1,"column":0},"end":{"line":43,"column":1}},"1":{"start":{"line":2,"column":30},"end":{"line":2,"column":47}},"2":{"start":{"line":4,"column":25},"end":{"line":4,"column":45}},"3":{"start":{"line":6,"column":27},"end":{"line":23,"column":5}},"4":{"start":{"line":7,"column":25},"end":{"line":7,"column":40}},"5":{"start":{"line":9,"column":8},"end":{"line":16,"column":9}},"6":{"start":{"line":10,"column":12},"end":{"line":10,"column":61}},"7":{"start":{"line":11,"column":12},"end":{"line":11,"column":63}},"8":{"start":{"line":12,"column":12},"end":{"line":12,"column":88}},"9":{"start":{"line":15,"column":12},"end":{"line":15,"column":44}},"10":{"start":{"line":18,"column":26},"end":{"line":18,"column":138}},"11":{"start":{"line":20,"column":8},"end":{"line":20,"column":31}},"12":{"start":{"line":22,"column":8},"end":{"line":22,"column":30}},"13":{"start":{"line":25,"column":28},"end":{"line":34,"column":5}},"14":{"start":{"line":26,"column":8},"end":{"line":33,"column":9}},"15":{"start":{"line":27,"column":30},"end":{"line":27,"column":44}},"16":{"start":{"line":28,"column":12},"end":{"line":28,"column":50}},"17":{"start":{"line":30,"column":12},"end":{"line":30,"column":34}},"18":{"start":{"line":32,"column":12},"end":{"line":32,"column":70}},"19":{"start":{"line":36,"column":27},"end":{"line":40,"column":5}},"20":{"start":{"line":37,"column":8},"end":{"line":39,"column":52}},"21":{"start":{"line":38,"column":30},"end":{"line":38,"column":48}},"22":{"start":{"line":39,"column":26},"end":{"line":39,"column":51}},"23":{"start":{"line":42,"column":4},"end":{"line":42,"column":62}}},"fnMap":{"0":{"name":"(anonymous_0)","decl":{"start":{"line":1,"column":17},"end":{"line":1,"column":18}},"loc":{"start":{"line":1,"column":24},"end":{"line":43,"column":1}},"line":1},"1":{"name":"(anonymous_1)","decl":{"start":{"line":6,"column":27},"end":{"line":6,"column":28}},"loc":{"start":{"line":6,"column":41},"end":{"line":23,"column":5}},"line":6},"2":{"name":"(anonymous_2)","decl":{"start":{"line":25,"column":28},"end":{"line":25,"column":29}},"loc":{"start":{"line":25,"column":47},"end":{"line":34,"column":5}},"line":25},"3":{"name":"(anonymous_3)","decl":{"start":{"line":36,"column":27},"end":{"line":36,"column":28}},"loc":{"start":{"line":36,"column":41},"end":{"line":40,"column":5}},"line":36},"4":{"name":"(anonymous_4)","decl":{"start":{"line":38,"column":18},"end":{"line":38,"column":19}},"loc":{"start":{"line":38,"column":30},"end":{"line":38,"column":48}},"line":38},"5":{"name":"(anonymous_5)","decl":{"start":{"line":39,"column":19},"end":{"line":39,"column":20}},"loc":{"start":{"line":39,"column":26},"end":{"line":39,"column":51}},"line":39}},"branchMap":{},"s":{"0":1,"1":1,"2":1,"3":1,"4":0,"5":0,"6":0,"7":0,"8":0,"9":0,"10":0,"11":0,"12":0,"13":1,"14":0,"15":0,"16":0,"17":0,"18":0,"19":1,"20":0,"21":0,"22":0,"23":1},"f":{"0":1,"1":0,"2":0,"3":0,"4":0,"5":0},"b":{},"_coverageSchema":"332fd63041d2c1bcb487cc26dd0d5f7d97098a6c","hash":"406fd9eeef7fe1ff2356007379cf5d3a163f7cad"}
,"E:\\JS\\Grupo6\\Grupo-6\\UniCardio\\backend\\api\\professor.js": {"path":"E:\\JS\\Grupo6\\Grupo-6\\UniCardio\\backend\\api\\professor.js","statementMap":{"0":{"start":{"line":1,"column":0},"end":{"line":43,"column":1}},"1":{"start":{"line":2,"column":30},"end":{"line":2,"column":47}},"2":{"start":{"line":4,"column":26},"end":{"line":4,"column":47}},"3":{"start":{"line":6,"column":28},"end":{"line":22,"column":5}},"4":{"start":{"line":7,"column":26},"end":{"line":7,"column":41}},"5":{"start":{"line":9,"column":8},"end":{"line":14,"column":9}},"6":{"start":{"line":10,"column":12},"end":{"line":10,"column":74}},"7":{"start":{"line":13,"column":12},"end":{"line":13,"column":44}},"8":{"start":{"line":16,"column":27},"end":{"line":16,"column":124}},"9":{"start":{"line":18,"column":8},"end":{"line":18,"column":32}},"10":{"start":{"line":20,"column":8},"end":{"line":20,"column":30}},"11":{"start":{"line":23,"column":29},"end":{"line":33,"column":5}},"12":{"start":{"line":24,"column":8},"end":{"line":32,"column":9}},"13":{"start":{"line":25,"column":31},"end":{"line":25,"column":46}},"14":{"start":{"line":26,"column":12},"end":{"line":26,"column":52}},"15":{"start":{"line":28,"column":12},"end":{"line":28,"column":34}},"16":{"start":{"line":31,"column":12},"end":{"line":31,"column":71}},"17":{"start":{"line":35,"column":28},"end":{"line":39,"column":5}},"18":{"start":{"line":36,"column":8},"end":{"line":38,"column":52}},"19":{"start":{"line":37,"column":31},"end":{"line":37,"column":50}},"20":{"start":{"line":38,"column":26},"end":{"line":38,"column":51}},"21":{"start":{"line":41,"column":4},"end":{"line":41,"column":65}}},"fnMap":{"0":{"name":"(anonymous_0)","decl":{"start":{"line":1,"column":17},"end":{"line":1,"column":18}},"loc":{"start":{"line":1,"column":24},"end":{"line":43,"column":1}},"line":1},"1":{"name":"(anonymous_1)","decl":{"start":{"line":6,"column":28},"end":{"line":6,"column":29}},"loc":{"start":{"line":6,"column":42},"end":{"line":22,"column":5}},"line":6},"2":{"name":"(anonymous_2)","decl":{"start":{"line":23,"column":29},"end":{"line":23,"column":30}},"loc":{"start":{"line":23,"column":49},"end":{"line":33,"column":5}},"line":23},"3":{"name":"(anonymous_3)","decl":{"start":{"line":35,"column":28},"end":{"line":35,"column":29}},"loc":{"start":{"line":35,"column":42},"end":{"line":39,"column":5}},"line":35},"4":{"name":"(anonymous_4)","decl":{"start":{"line":37,"column":18},"end":{"line":37,"column":19}},"loc":{"start":{"line":37,"column":31},"end":{"line":37,"column":50}},"line":37},"5":{"name":"(anonymous_5)","decl":{"start":{"line":38,"column":19},"end":{"line":38,"column":20}},"loc":{"start":{"line":38,"column":26},"end":{"line":38,"column":51}},"line":38}},"branchMap":{},"s":{"0":1,"1":1,"2":1,"3":1,"4":0,"5":0,"6":0,"7":0,"8":0,"9":0,"10":0,"11":1,"12":0,"13":0,"14":0,"15":0,"16":0,"17":1,"18":0,"19":0,"20":0,"21":1},"f":{"0":1,"1":0,"2":0,"3":0,"4":0,"5":0},"b":{},"_coverageSchema":"332fd63041d2c1bcb487cc26dd0d5f7d97098a6c","hash":"c4afc417105558bfa22a68c86a2db67495b1357e"}
,"E:\\JS\\Grupo6\\Grupo-6\\UniCardio\\backend\\api\\residente.js": {"path":"E:\\JS\\Grupo6\\Grupo-6\\UniCardio\\backend\\api\\residente.js","statementMap":{"0":{"start":{"line":1,"column":0},"end":{"line":43,"column":1}},"1":{"start":{"line":2,"column":30},"end":{"line":2,"column":47}},"2":{"start":{"line":4,"column":26},"end":{"line":4,"column":47}},"3":{"start":{"line":6,"column":28},"end":{"line":21,"column":5}},"4":{"start":{"line":7,"column":26},"end":{"line":7,"column":41}},"5":{"start":{"line":9,"column":8},"end":{"line":14,"column":9}},"6":{"start":{"line":10,"column":12},"end":{"line":10,"column":87}},"7":{"start":{"line":13,"column":12},"end":{"line":13,"column":44}},"8":{"start":{"line":16,"column":27},"end":{"line":16,"column":129}},"9":{"start":{"line":18,"column":8},"end":{"line":18,"column":32}},"10":{"start":{"line":20,"column":8},"end":{"line":20,"column":30}},"11":{"start":{"line":23,"column":29},"end":{"line":33,"column":5}},"12":{"start":{"line":24,"column":8},"end":{"line":32,"column":9}},"13":{"start":{"line":25,"column":31},"end":{"line":25,"column":46}},"14":{"start":{"line":26,"column":12},"end":{"line":26,"column":52}},"15":{"start":{"line":28,"column":12},"end":{"line":28,"column":34}},"16":{"start":{"line":31,"column":12},"end":{"line":31,"column":71}},"17":{"start":{"line":35,"column":28},"end":{"line":39,"column":5}},"18":{"start":{"line":36,"column":8},"end":{"line":38,"column":52}},"19":{"start":{"line":37,"column":31},"end":{"line":37,"column":50}},"20":{"start":{"line":38,"column":26},"end":{"line":38,"column":51}},"21":{"start":{"line":41,"column":4},"end":{"line":41,"column":65}}},"fnMap":{"0":{"name":"(anonymous_0)","decl":{"start":{"line":1,"column":17},"end":{"line":1,"column":18}},"loc":{"start":{"line":1,"column":24},"end":{"line":43,"column":1}},"line":1},"1":{"name":"(anonymous_1)","decl":{"start":{"line":6,"column":28},"end":{"line":6,"column":29}},"loc":{"start":{"line":6,"column":42},"end":{"line":21,"column":5}},"line":6},"2":{"name":"(anonymous_2)","decl":{"start":{"line":23,"column":29},"end":{"line":23,"column":30}},"loc":{"start":{"line":23,"column":49},"end":{"line":33,"column":5}},"line":23},"3":{"name":"(anonymous_3)","decl":{"start":{"line":35,"column":28},"end":{"line":35,"column":29}},"loc":{"start":{"line":35,"column":42},"end":{"line":39,"column":5}},"line":35},"4":{"name":"(anonymous_4)","decl":{"start":{"line":37,"column":18},"end":{"line":37,"column":19}},"loc":{"start":{"line":37,"column":31},"end":{"line":37,"column":50}},"line":37},"5":{"name":"(anonymous_5)","decl":{"start":{"line":38,"column":19},"end":{"line":38,"column":20}},"loc":{"start":{"line":38,"column":26},"end":{"line":38,"column":51}},"line":38}},"branchMap":{},"s":{"0":1,"1":1,"2":1,"3":1,"4":0,"5":0,"6":0,"7":0,"8":0,"9":0,"10":0,"11":1,"12":0,"13":0,"14":0,"15":0,"16":0,"17":1,"18":0,"19":0,"20":0,"21":1},"f":{"0":1,"1":0,"2":0,"3":0,"4":0,"5":0},"b":{},"_coverageSchema":"332fd63041d2c1bcb487cc26dd0d5f7d97098a6c","hash":"11d8397d611403737e3549e372de7746b007bcbd"}
,"E:\\JS\\Grupo6\\Grupo-6\\UniCardio\\backend\\api\\usuario.js": {"path":"E:\\JS\\Grupo6\\Grupo-6\\UniCardio\\backend\\api\\usuario.js","statementMap":{"0":{"start":{"line":1,"column":15},"end":{"line":1,"column":39}},"1":{"start":{"line":2,"column":0},"end":{"line":139,"column":1}},"2":{"start":{"line":4,"column":63},"end":{"line":4,"column":80}},"3":{"start":{"line":6,"column":23},"end":{"line":6,"column":41}},"4":{"start":{"line":7,"column":44},"end":{"line":7,"column":58}},"5":{"start":{"line":8,"column":31},"end":{"line":8,"column":47}},"6":{"start":{"line":10,"column":27},"end":{"line":14,"column":5}},"7":{"start":{"line":11,"column":21},"end":{"line":11,"column":43}},"8":{"start":{"line":13,"column":8},"end":{"line":13,"column":43}},"9":{"start":{"line":16,"column":19},"end":{"line":60,"column":5}},"10":{"start":{"line":18,"column":24},"end":{"line":18,"column":38}},"11":{"start":{"line":20,"column":8},"end":{"line":35,"column":9}},"12":{"start":{"line":22,"column":12},"end":{"line":22,"column":60}},"13":{"start":{"line":23,"column":12},"end":{"line":23,"column":62}},"14":{"start":{"line":24,"column":12},"end":{"line":24,"column":64}},"15":{"start":{"line":25,"column":12},"end":{"line":25,"column":90}},"16":{"start":{"line":26,"column":12},"end":{"line":26,"column":90}},"17":{"start":{"line":28,"column":34},"end":{"line":29,"column":50}},"18":{"start":{"line":31,"column":12},"end":{"line":31,"column":69}},"19":{"start":{"line":34,"column":12},"end":{"line":34,"column":44}},"20":{"start":{"line":37,"column":8},"end":{"line":37,"column":53}},"21":{"start":{"line":38,"column":8},"end":{"line":38,"column":39}},"22":{"start":{"line":40,"column":8},"end":{"line":42,"column":9}},"23":{"start":{"line":41,"column":12},"end":{"line":41,"column":30}},"24":{"start":{"line":44,"column":8},"end":{"line":44,"column":26}},"25":{"start":{"line":46,"column":8},"end":{"line":59,"column":9}},"26":{"start":{"line":47,"column":12},"end":{"line":47,"column":34}},"27":{"start":{"line":49,"column":15},"end":{"line":59,"column":9}},"28":{"start":{"line":50,"column":12},"end":{"line":50,"column":36}},"29":{"start":{"line":52,"column":15},"end":{"line":59,"column":9}},"30":{"start":{"line":54,"column":29},"end":{"line":54,"column":94}},"31":{"start":{"line":56,"column":12},"end":{"line":56,"column":34}},"32":{"start":{"line":58,"column":12},"end":{"line":58,"column":34}},"33":{"start":{"line":62,"column":20},"end":{"line":82,"column":5}},"34":{"start":{"line":64,"column":8},"end":{"line":80,"column":9}},"35":{"start":{"line":65,"column":12},"end":{"line":76,"column":13}},"36":{"start":{"line":66,"column":16},"end":{"line":66,"column":39}},"37":{"start":{"line":68,"column":19},"end":{"line":76,"column":13}},"38":{"start":{"line":69,"column":16},"end":{"line":69,"column":41}},"39":{"start":{"line":71,"column":19},"end":{"line":76,"column":13}},"40":{"start":{"line":72,"column":33},"end":{"line":72,"column":45}},"41":{"start":{"line":73,"column":16},"end":{"line":73,"column":54}},"42":{"start":{"line":75,"column":16},"end":{"line":75,"column":38}},"43":{"start":{"line":79,"column":12},"end":{"line":79,"column":37}},"44":{"start":{"line":84,"column":19},"end":{"line":88,"column":5}},"45":{"start":{"line":85,"column":8},"end":{"line":87,"column":52}},"46":{"start":{"line":86,"column":30},"end":{"line":86,"column":48}},"47":{"start":{"line":87,"column":26},"end":{"line":87,"column":51}},"48":{"start":{"line":90,"column":22},"end":{"line":111,"column":5}},"49":{"start":{"line":91,"column":24},"end":{"line":91,"column":38}},"50":{"start":{"line":93,"column":8},"end":{"line":104,"column":9}},"51":{"start":{"line":94,"column":12},"end":{"line":100,"column":13}},"52":{"start":{"line":95,"column":16},"end":{"line":95,"column":94}},"53":{"start":{"line":96,"column":16},"end":{"line":96,"column":94}},"54":{"start":{"line":99,"column":16},"end":{"line":99,"column":48}},"55":{"start":{"line":102,"column":12},"end":{"line":102,"column":57}},"56":{"start":{"line":103,"column":12},"end":{"line":103,"column":43}},"57":{"start":{"line":106,"column":8},"end":{"line":110,"column":52}},"58":{"start":{"line":109,"column":22},"end":{"line":109,"column":44}},"59":{"start":{"line":110,"column":26},"end":{"line":110,"column":51}},"60":{"start":{"line":117,"column":8},"end":{"line":119,"column":9}},"61":{"start":{"line":118,"column":12},"end":{"line":118,"column":23}},"62":{"start":{"line":120,"column":8},"end":{"line":120,"column":20}},"63":{"start":{"line":124,"column":8},"end":{"line":126,"column":9}},"64":{"start":{"line":125,"column":12},"end":{"line":125,"column":23}},"65":{"start":{"line":127,"column":8},"end":{"line":127,"column":20}},"66":{"start":{"line":131,"column":8},"end":{"line":133,"column":9}},"67":{"start":{"line":132,"column":12},"end":{"line":132,"column":23}},"68":{"start":{"line":134,"column":8},"end":{"line":134,"column":20}},"69":{"start":{"line":138,"column":4},"end":{"line":138,"column":49}}},"fnMap":{"0":{"name":"(anonymous_0)","decl":{"start":{"line":2,"column":17},"end":{"line":2,"column":18}},"loc":{"start":{"line":2,"column":24},"end":{"line":139,"column":1}},"line":2},"1":{"name":"(anonymous_1)","decl":{"start":{"line":10,"column":27},"end":{"line":10,"column":28}},"loc":{"start":{"line":10,"column":36},"end":{"line":14,"column":5}},"line":10},"2":{"name":"(anonymous_2)","decl":{"start":{"line":16,"column":19},"end":{"line":16,"column":20}},"loc":{"start":{"line":16,"column":38},"end":{"line":60,"column":5}},"line":16},"3":{"name":"(anonymous_3)","decl":{"start":{"line":62,"column":20},"end":{"line":62,"column":21}},"loc":{"start":{"line":62,"column":39},"end":{"line":82,"column":5}},"line":62},"4":{"name":"(anonymous_4)","decl":{"start":{"line":84,"column":19},"end":{"line":84,"column":20}},"loc":{"start":{"line":84,"column":33},"end":{"line":88,"column":5}},"line":84},"5":{"name":"(anonymous_5)","decl":{"start":{"line":86,"column":18},"end":{"line":86,"column":19}},"loc":{"start":{"line":86,"column":30},"end":{"line":86,"column":48}},"line":86},"6":{"name":"(anonymous_6)","decl":{"start":{"line":87,"column":19},"end":{"line":87,"column":20}},"loc":{"start":{"line":87,"column":26},"end":{"line":87,"column":51}},"line":87},"7":{"name":"(anonymous_7)","decl":{"start":{"line":90,"column":22},"end":{"line":90,"column":23}},"loc":{"start":{"line":90,"column":36},"end":{"line":111,"column":5}},"line":90},"8":{"name":"(anonymous_8)","decl":{"start":{"line":109,"column":18},"end":{"line":109,"column":19}},"loc":{"start":{"line":109,"column":22},"end":{"line":109,"column":44}},"line":109},"9":{"name":"(anonymous_9)","decl":{"start":{"line":110,"column":19},"end":{"line":110,"column":20}},"loc":{"start":{"line":110,"column":26},"end":{"line":110,"column":51}},"line":110},"10":{"name":"isMedico","decl":{"start":{"line":116,"column":13},"end":{"line":116,"column":21}},"loc":{"start":{"line":116,"column":28},"end":{"line":121,"column":5}},"line":116},"11":{"name":"isPaciente","decl":{"start":{"line":123,"column":13},"end":{"line":123,"column":23}},"loc":{"start":{"line":123,"column":30},"end":{"line":128,"column":5}},"line":123},"12":{"name":"isUsuario","decl":{"start":{"line":130,"column":13},"end":{"line":130,"column":22}},"loc":{"start":{"line":130,"column":29},"end":{"line":135,"column":5}},"line":130}},"branchMap":{"0":{"loc":{"start":{"line":40,"column":8},"end":{"line":42,"column":9}},"type":"if","locations":[{"start":{"line":40,"column":8},"end":{"line":42,"column":9}},{"start":{"line":40,"column":8},"end":{"line":42,"column":9}}],"line":40},"1":{"loc":{"start":{"line":46,"column":8},"end":{"line":59,"column":9}},"type":"if","locations":[{"start":{"line":46,"column":8},"end":{"line":59,"column":9}},{"start":{"line":46,"column":8},"end":{"line":59,"column":9}}],"line":46},"2":{"loc":{"start":{"line":49,"column":15},"end":{"line":59,"column":9}},"type":"if","locations":[{"start":{"line":49,"column":15},"end":{"line":59,"column":9}},{"start":{"line":49,"column":15},"end":{"line":59,"column":9}}],"line":49},"3":{"loc":{"start":{"line":52,"column":15},"end":{"line":59,"column":9}},"type":"if","locations":[{"start":{"line":52,"column":15},"end":{"line":59,"column":9}},{"start":{"line":52,"column":15},"end":{"line":59,"column":9}}],"line":52},"4":{"loc":{"start":{"line":65,"column":12},"end":{"line":76,"column":13}},"type":"if","locations":[{"start":{"line":65,"column":12},"end":{"line":76,"column":13}},{"start":{"line":65,"column":12},"end":{"line":76,"column":13}}],"line":65},"5":{"loc":{"start":{"line":68,"column":19},"end":{"line":76,"column":13}},"type":"if","locations":[{"start":{"line":68,"column":19},"end":{"line":76,"column":13}},{"start":{"line":68,"column":19},"end":{"line":76,"column":13}}],"line":68},"6":{"loc":{"start":{"line":71,"column":19},"end":{"line":76,"column":13}},"type":"if","locations":[{"start":{"line":71,"column":19},"end":{"line":76,"column":13}},{"start":{"line":71,"column":19},"end":{"line":76,"column":13}}],"line":71},"7":{"loc":{"start":{"line":93,"column":8},"end":{"line":104,"column":9}},"type":"if","locations":[{"start":{"line":93,"column":8},"end":{"line":104,"column":9}},{"start":{"line":93,"column":8},"end":{"line":104,"column":9}}],"line":93},"8":{"loc":{"start":{"line":117,"column":8},"end":{"line":119,"column":9}},"type":"if","locations":[{"start":{"line":117,"column":8},"end":{"line":119,"column":9}},{"start":{"line":117,"column":8},"end":{"line":119,"column":9}}],"line":117},"9":{"loc":{"start":{"line":124,"column":8},"end":{"line":126,"column":9}},"type":"if","locations":[{"start":{"line":124,"column":8},"end":{"line":126,"column":9}},{"start":{"line":124,"column":8},"end":{"line":126,"column":9}}],"line":124},"10":{"loc":{"start":{"line":131,"column":8},"end":{"line":133,"column":9}},"type":"if","locations":[{"start":{"line":131,"column":8},"end":{"line":133,"column":9}},{"start":{"line":131,"column":8},"end":{"line":133,"column":9}}],"line":131}},"s":{"0":1,"1":1,"2":1,"3":1,"4":1,"5":1,"6":1,"7":1,"8":1,"9":1,"10":5,"11":5,"12":5,"13":4,"14":3,"15":2,"16":2,"17":2,"18":2,"19":4,"20":1,"21":1,"22":1,"23":0,"24":1,"25":1,"26":0,"27":1,"28":0,"29":1,"30":1,"31":1,"32":1,"33":1,"34":1,"35":1,"36":0,"37":1,"38":0,"39":1,"40":1,"41":1,"42":1,"43":0,"44":1,"45":2,"46":2,"47":0,"48":1,"49":1,"50":1,"51":0,"52":0,"53":0,"54":0,"55":0,"56":0,"57":1,"58":1,"59":0,"60":2,"61":0,"62":2,"63":2,"64":0,"65":2,"66":3,"67":3,"68":0,"69":1},"f":{"0":1,"1":1,"2":5,"3":1,"4":2,"5":2,"6":0,"7":1,"8":1,"9":0,"10":2,"11":2,"12":3},"b":{"0":[0,1],"1":[0,1],"2":[0,1],"3":[1,0],"4":[0,1],"5":[0,1],"6":[1,0],"7":[0,1],"8":[0,2],"9":[0,2],"10":[3,0]},"_coverageSchema":"332fd63041d2c1bcb487cc26dd0d5f7d97098a6c","hash":"f4feeea54bc7fbce40c0244c11f67bdb62671b96"}
,"E:\\JS\\Grupo6\\Grupo-6\\UniCardio\\backend\\api\\validacao.js": {"path":"E:\\JS\\Grupo6\\Grupo-6\\UniCardio\\backend\\api\\validacao.js","statementMap":{"0":{"start":{"line":1,"column":0},"end":{"line":22,"column":1}},"1":{"start":{"line":3,"column":8},"end":{"line":3,"column":28}},"2":{"start":{"line":3,"column":19},"end":{"line":3,"column":28}},"3":{"start":{"line":4,"column":8},"end":{"line":4,"column":64}},"4":{"start":{"line":4,"column":55},"end":{"line":4,"column":64}},"5":{"start":{"line":5,"column":8},"end":{"line":5,"column":64}},"6":{"start":{"line":5,"column":55},"end":{"line":5,"column":64}},"7":{"start":{"line":9,"column":8},"end":{"line":13,"column":9}},"8":{"start":{"line":10,"column":12},"end":{"line":10,"column":37}},"9":{"start":{"line":12,"column":12},"end":{"line":12,"column":18}},"10":{"start":{"line":14,"column":8},"end":{"line":14,"column":17}},"11":{"start":{"line":18,"column":8},"end":{"line":18,"column":39}},"12":{"start":{"line":18,"column":30},"end":{"line":18,"column":39}},"13":{"start":{"line":21,"column":4},"end":{"line":21,"column":61}}},"fnMap":{"0":{"name":"(anonymous_0)","decl":{"start":{"line":1,"column":17},"end":{"line":1,"column":18}},"loc":{"start":{"line":1,"column":24},"end":{"line":22,"column":1}},"line":1},"1":{"name":"existsOrError","decl":{"start":{"line":2,"column":13},"end":{"line":2,"column":26}},"loc":{"start":{"line":2,"column":39},"end":{"line":6,"column":5}},"line":2},"2":{"name":"notExistsOrError","decl":{"start":{"line":8,"column":13},"end":{"line":8,"column":29}},"loc":{"start":{"line":8,"column":42},"end":{"line":15,"column":5}},"line":8},"3":{"name":"equalsOrError","decl":{"start":{"line":17,"column":13},"end":{"line":17,"column":26}},"loc":{"start":{"line":17,"column":48},"end":{"line":19,"column":5}},"line":17}},"branchMap":{"0":{"loc":{"start":{"line":3,"column":8},"end":{"line":3,"column":28}},"type":"if","locations":[{"start":{"line":3,"column":8},"end":{"line":3,"column":28}},{"start":{"line":3,"column":8},"end":{"line":3,"column":28}}],"line":3},"1":{"loc":{"start":{"line":4,"column":8},"end":{"line":4,"column":64}},"type":"if","locations":[{"start":{"line":4,"column":8},"end":{"line":4,"column":64}},{"start":{"line":4,"column":8},"end":{"line":4,"column":64}}],"line":4},"2":{"loc":{"start":{"line":4,"column":11},"end":{"line":4,"column":53}},"type":"binary-expr","locations":[{"start":{"line":4,"column":11},"end":{"line":4,"column":31}},{"start":{"line":4,"column":35},"end":{"line":4,"column":53}}],"line":4},"3":{"loc":{"start":{"line":5,"column":8},"end":{"line":5,"column":64}},"type":"if","locations":[{"start":{"line":5,"column":8},"end":{"line":5,"column":64}},{"start":{"line":5,"column":8},"end":{"line":5,"column":64}}],"line":5},"4":{"loc":{"start":{"line":5,"column":11},"end":{"line":5,"column":53}},"type":"binary-expr","locations":[{"start":{"line":5,"column":11},"end":{"line":5,"column":36}},{"start":{"line":5,"column":40},"end":{"line":5,"column":53}}],"line":5},"5":{"loc":{"start":{"line":18,"column":8},"end":{"line":18,"column":39}},"type":"if","locations":[{"start":{"line":18,"column":8},"end":{"line":18,"column":39}},{"start":{"line":18,"column":8},"end":{"line":18,"column":39}}],"line":18}},"s":{"0":1,"1":17,"2":4,"3":13,"4":0,"5":13,"6":0,"7":2,"8":2,"9":1,"10":1,"11":2,"12":0,"13":1},"f":{"0":1,"1":17,"2":2,"3":2},"b":{"0":[4,13],"1":[0,13],"2":[13,0],"3":[0,13],"4":[13,10],"5":[0,2]},"_coverageSchema":"332fd63041d2c1bcb487cc26dd0d5f7d97098a6c","hash":"cd3cf66e7e5df929a9520dbd5ac1084227e6e3c9"}
,"E:\\JS\\Grupo6\\Grupo-6\\UniCardio\\backend\\classes\\exame.js": {"path":"E:\\JS\\Grupo6\\Grupo-6\\UniCardio\\backend\\classes\\exame.js","statementMap":{"0":{"start":{"line":1,"column":0},"end":{"line":77,"column":1}},"1":{"start":{"line":5,"column":12},"end":{"line":5,"column":26}},"2":{"start":{"line":6,"column":12},"end":{"line":6,"column":26}},"3":{"start":{"line":7,"column":12},"end":{"line":7,"column":36}},"4":{"start":{"line":8,"column":12},"end":{"line":8,"column":28}},"5":{"start":{"line":9,"column":12},"end":{"line":9,"column":40}},"6":{"start":{"line":10,"column":12},"end":{"line":10,"column":38}},"7":{"start":{"line":11,"column":12},"end":{"line":11,"column":46}},"8":{"start":{"line":15,"column":12},"end":{"line":21,"column":13}},"9":{"start":{"line":16,"column":16},"end":{"line":16,"column":73}},"10":{"start":{"line":17,"column":16},"end":{"line":17,"column":38}},"11":{"start":{"line":20,"column":16},"end":{"line":20,"column":95}},"12":{"start":{"line":25,"column":27},"end":{"line":26,"column":65}},"13":{"start":{"line":28,"column":25},"end":{"line":28,"column":29}},"14":{"start":{"line":29,"column":12},"end":{"line":35,"column":15}},"15":{"start":{"line":30,"column":16},"end":{"line":34,"column":17}},"16":{"start":{"line":33,"column":20},"end":{"line":33,"column":32}},"17":{"start":{"line":37,"column":12},"end":{"line":37,"column":25}},"18":{"start":{"line":41,"column":26},"end":{"line":49,"column":13}},"19":{"start":{"line":51,"column":12},"end":{"line":51,"column":24}},"20":{"start":{"line":55,"column":35},"end":{"line":58,"column":24}},"21":{"start":{"line":60,"column":12},"end":{"line":60,"column":45}},"22":{"start":{"line":64,"column":33},"end":{"line":67,"column":24}},"23":{"start":{"line":69,"column":12},"end":{"line":69,"column":41}},"24":{"start":{"line":76,"column":4},"end":{"line":76,"column":20}}},"fnMap":{"0":{"name":"(anonymous_0)","decl":{"start":{"line":1,"column":17},"end":{"line":1,"column":18}},"loc":{"start":{"line":1,"column":24},"end":{"line":77,"column":1}},"line":1},"1":{"name":"(anonymous_1)","decl":{"start":{"line":4,"column":8},"end":{"line":4,"column":9}},"loc":{"start":{"line":4,"column":83},"end":{"line":12,"column":9}},"line":4},"2":{"name":"(anonymous_2)","decl":{"start":{"line":14,"column":8},"end":{"line":14,"column":9}},"loc":{"start":{"line":14,"column":31},"end":{"line":22,"column":9}},"line":14},"3":{"name":"(anonymous_3)","decl":{"start":{"line":24,"column":8},"end":{"line":24,"column":9}},"loc":{"start":{"line":24,"column":31},"end":{"line":38,"column":9}},"line":24},"4":{"name":"(anonymous_4)","decl":{"start":{"line":29,"column":33},"end":{"line":29,"column":34}},"loc":{"start":{"line":29,"column":42},"end":{"line":35,"column":13}},"line":29},"5":{"name":"(anonymous_5)","decl":{"start":{"line":40,"column":8},"end":{"line":40,"column":9}},"loc":{"start":{"line":40,"column":31},"end":{"line":52,"column":9}},"line":40},"6":{"name":"(anonymous_6)","decl":{"start":{"line":54,"column":8},"end":{"line":54,"column":9}},"loc":{"start":{"line":54,"column":30},"end":{"line":61,"column":9}},"line":54},"7":{"name":"(anonymous_7)","decl":{"start":{"line":63,"column":8},"end":{"line":63,"column":9}},"loc":{"start":{"line":63,"column":28},"end":{"line":70,"column":9}},"line":63}},"branchMap":{"0":{"loc":{"start":{"line":15,"column":12},"end":{"line":21,"column":13}},"type":"if","locations":[{"start":{"line":15,"column":12},"end":{"line":21,"column":13}},{"start":{"line":15,"column":12},"end":{"line":21,"column":13}}],"line":15},"1":{"loc":{"start":{"line":30,"column":16},"end":{"line":34,"column":17}},"type":"if","locations":[{"start":{"line":30,"column":16},"end":{"line":34,"column":17}},{"start":{"line":30,"column":16},"end":{"line":34,"column":17}}],"line":30},"2":{"loc":{"start":{"line":30,"column":20},"end":{"line":31,"column":70}},"type":"binary-expr","locations":[{"start":{"line":30,"column":20},"end":{"line":30,"column":56}},{"start":{"line":31,"column":20},"end":{"line":31,"column":43}},{"start":{"line":31,"column":47},"end":{"line":31,"column":70}}],"line":30}},"s":{"0":1,"1":0,"2":0,"3":0,"4":0,"5":0,"6":0,"7":0,"8":0,"9":0,"10":0,"11":0,"12":0,"13":0,"14":0,"15":0,"16":0,"17":0,"18":0,"19":0,"20":0,"21":0,"22":0,"23":0,"24":1},"f":{"0":1,"1":0,"2":0,"3":0,"4":0,"5":0,"6":0,"7":0},"b":{"0":[0,0],"1":[0,0],"2":[0,0,0]},"_coverageSchema":"332fd63041d2c1bcb487cc26dd0d5f7d97098a6c","hash":"ff08da3527587a7f2e8a0add7c6ae7428a54fa7f"}
,"E:\\JS\\Grupo6\\Grupo-6\\UniCardio\\backend\\classes\\medico.js": {"path":"E:\\JS\\Grupo6\\Grupo-6\\UniCardio\\backend\\classes\\medico.js","statementMap":{"0":{"start":{"line":1,"column":0},"end":{"line":82,"column":1}},"1":{"start":{"line":2,"column":23},"end":{"line":2,"column":41}},"2":{"start":{"line":3,"column":30},"end":{"line":3,"column":47}},"3":{"start":{"line":8,"column":12},"end":{"line":8,"column":35}},"4":{"start":{"line":9,"column":12},"end":{"line":9,"column":26}},"5":{"start":{"line":13,"column":12},"end":{"line":13,"column":37}},"6":{"start":{"line":14,"column":12},"end":{"line":14,"column":70}},"7":{"start":{"line":18,"column":32},"end":{"line":19,"column":52}},"8":{"start":{"line":21,"column":12},"end":{"line":21,"column":64}},"9":{"start":{"line":23,"column":12},"end":{"line":23,"column":41}},"10":{"start":{"line":28,"column":28},"end":{"line":31,"column":13}},"11":{"start":{"line":33,"column":12},"end":{"line":33,"column":26}},"12":{"start":{"line":37,"column":33},"end":{"line":40,"column":24}},"13":{"start":{"line":42,"column":12},"end":{"line":42,"column":41}},"14":{"start":{"line":46,"column":27},"end":{"line":49,"column":30}},"15":{"start":{"line":51,"column":12},"end":{"line":51,"column":29}},"16":{"start":{"line":55,"column":35},"end":{"line":57,"column":24}},"17":{"start":{"line":59,"column":12},"end":{"line":63,"column":13}},"18":{"start":{"line":60,"column":16},"end":{"line":60,"column":28}},"19":{"start":{"line":62,"column":16},"end":{"line":62,"column":27}},"20":{"start":{"line":68,"column":35},"end":{"line":70,"column":24}},"21":{"start":{"line":72,"column":12},"end":{"line":76,"column":13}},"22":{"start":{"line":73,"column":16},"end":{"line":73,"column":28}},"23":{"start":{"line":75,"column":16},"end":{"line":75,"column":27}},"24":{"start":{"line":81,"column":4},"end":{"line":81,"column":21}}},"fnMap":{"0":{"name":"(anonymous_0)","decl":{"start":{"line":1,"column":17},"end":{"line":1,"column":18}},"loc":{"start":{"line":1,"column":24},"end":{"line":82,"column":1}},"line":1},"1":{"name":"(anonymous_1)","decl":{"start":{"line":7,"column":8},"end":{"line":7,"column":9}},"loc":{"start":{"line":7,"column":42},"end":{"line":10,"column":9}},"line":7},"2":{"name":"(anonymous_2)","decl":{"start":{"line":12,"column":8},"end":{"line":12,"column":9}},"loc":{"start":{"line":12,"column":28},"end":{"line":15,"column":9}},"line":12},"3":{"name":"(anonymous_3)","decl":{"start":{"line":17,"column":8},"end":{"line":17,"column":9}},"loc":{"start":{"line":17,"column":32},"end":{"line":25,"column":9}},"line":17},"4":{"name":"(anonymous_4)","decl":{"start":{"line":27,"column":8},"end":{"line":27,"column":9}},"loc":{"start":{"line":27,"column":31},"end":{"line":34,"column":9}},"line":27},"5":{"name":"(anonymous_5)","decl":{"start":{"line":36,"column":8},"end":{"line":36,"column":9}},"loc":{"start":{"line":36,"column":30},"end":{"line":43,"column":9}},"line":36},"6":{"name":"(anonymous_6)","decl":{"start":{"line":45,"column":8},"end":{"line":45,"column":9}},"loc":{"start":{"line":45,"column":31},"end":{"line":52,"column":9}},"line":45},"7":{"name":"(anonymous_7)","decl":{"start":{"line":54,"column":8},"end":{"line":54,"column":9}},"loc":{"start":{"line":54,"column":31},"end":{"line":64,"column":9}},"line":54},"8":{"name":"(anonymous_8)","decl":{"start":{"line":66,"column":8},"end":{"line":66,"column":9}},"loc":{"start":{"line":66,"column":31},"end":{"line":77,"column":9}},"line":66}},"branchMap":{"0":{"loc":{"start":{"line":59,"column":12},"end":{"line":63,"column":13}},"type":"if","locations":[{"start":{"line":59,"column":12},"end":{"line":63,"column":13}},{"start":{"line":59,"column":12},"end":{"line":63,"column":13}}],"line":59},"1":{"loc":{"start":{"line":72,"column":12},"end":{"line":76,"column":13}},"type":"if","locations":[{"start":{"line":72,"column":12},"end":{"line":76,"column":13}},{"start":{"line":72,"column":12},"end":{"line":76,"column":13}}],"line":72}},"s":{"0":1,"1":1,"2":1,"3":0,"4":0,"5":0,"6":0,"7":0,"8":0,"9":0,"10":0,"11":0,"12":0,"13":0,"14":0,"15":0,"16":0,"17":0,"18":0,"19":0,"20":0,"21":0,"22":0,"23":0,"24":1},"f":{"0":1,"1":0,"2":0,"3":0,"4":0,"5":0,"6":0,"7":0,"8":0},"b":{"0":[0,0],"1":[0,0]},"_coverageSchema":"332fd63041d2c1bcb487cc26dd0d5f7d97098a6c","hash":"97fbe8980dd2e8dfbeefb301f3b9edfb2c91052f"}
,"E:\\JS\\Grupo6\\Grupo-6\\UniCardio\\backend\\classes\\paciente.js": {"path":"E:\\JS\\Grupo6\\Grupo-6\\UniCardio\\backend\\classes\\paciente.js","statementMap":{"0":{"start":{"line":1,"column":0},"end":{"line":40,"column":1}},"1":{"start":{"line":3,"column":21},"end":{"line":3,"column":39}},"2":{"start":{"line":7,"column":12},"end":{"line":7,"column":35}},"3":{"start":{"line":8,"column":12},"end":{"line":8,"column":26}},"4":{"start":{"line":9,"column":12},"end":{"line":9,"column":28}},"5":{"start":{"line":10,"column":12},"end":{"line":10,"column":50}},"6":{"start":{"line":14,"column":33},"end":{"line":17,"column":24}},"7":{"start":{"line":19,"column":12},"end":{"line":19,"column":41}},"8":{"start":{"line":23,"column":27},"end":{"line":28,"column":13}},"9":{"start":{"line":30,"column":12},"end":{"line":30,"column":25}},"10":{"start":{"line":34,"column":12},"end":{"line":34,"column":37}},"11":{"start":{"line":35,"column":12},"end":{"line":35,"column":74}},"12":{"start":{"line":39,"column":4},"end":{"line":39,"column":21}}},"fnMap":{"0":{"name":"(anonymous_0)","decl":{"start":{"line":1,"column":17},"end":{"line":1,"column":18}},"loc":{"start":{"line":1,"column":24},"end":{"line":40,"column":1}},"line":1},"1":{"name":"(anonymous_1)","decl":{"start":{"line":6,"column":8},"end":{"line":6,"column":9}},"loc":{"start":{"line":6,"column":65},"end":{"line":11,"column":9}},"line":6},"2":{"name":"(anonymous_2)","decl":{"start":{"line":13,"column":8},"end":{"line":13,"column":9}},"loc":{"start":{"line":13,"column":29},"end":{"line":20,"column":9}},"line":13},"3":{"name":"(anonymous_3)","decl":{"start":{"line":22,"column":8},"end":{"line":22,"column":9}},"loc":{"start":{"line":22,"column":32},"end":{"line":31,"column":9}},"line":22},"4":{"name":"(anonymous_4)","decl":{"start":{"line":33,"column":8},"end":{"line":33,"column":9}},"loc":{"start":{"line":33,"column":27},"end":{"line":36,"column":9}},"line":33}},"branchMap":{},"s":{"0":1,"1":1,"2":0,"3":0,"4":0,"5":0,"6":0,"7":0,"8":0,"9":0,"10":0,"11":0,"12":1},"f":{"0":1,"1":0,"2":0,"3":0,"4":0},"b":{},"_coverageSchema":"332fd63041d2c1bcb487cc26dd0d5f7d97098a6c","hash":"29d5e9e5fd64d14a6209e19f82bede52f549b9cd"}
,"E:\\JS\\Grupo6\\Grupo-6\\UniCardio\\backend\\classes\\pessoa.js": {"path":"E:\\JS\\Grupo6\\Grupo-6\\UniCardio\\backend\\classes\\pessoa.js","statementMap":{"0":{"start":{"line":1,"column":0},"end":{"line":40,"column":1}},"1":{"start":{"line":2,"column":30},"end":{"line":2,"column":47}},"2":{"start":{"line":7,"column":12},"end":{"line":7,"column":26}},"3":{"start":{"line":8,"column":12},"end":{"line":8,"column":28}},"4":{"start":{"line":9,"column":12},"end":{"line":9,"column":30}},"5":{"start":{"line":10,"column":12},"end":{"line":10,"column":26}},"6":{"start":{"line":14,"column":12},"end":{"line":14,"column":64}},"7":{"start":{"line":18,"column":12},"end":{"line":18,"column":71}},"8":{"start":{"line":20,"column":32},"end":{"line":21,"column":52}},"9":{"start":{"line":23,"column":12},"end":{"line":23,"column":65}},"10":{"start":{"line":28,"column":28},"end":{"line":33,"column":13}},"11":{"start":{"line":35,"column":12},"end":{"line":35,"column":26}},"12":{"start":{"line":39,"column":4},"end":{"line":39,"column":21}}},"fnMap":{"0":{"name":"(anonymous_0)","decl":{"start":{"line":1,"column":17},"end":{"line":1,"column":18}},"loc":{"start":{"line":1,"column":24},"end":{"line":40,"column":1}},"line":1},"1":{"name":"(anonymous_1)","decl":{"start":{"line":6,"column":8},"end":{"line":6,"column":9}},"loc":{"start":{"line":6,"column":43},"end":{"line":11,"column":9}},"line":6},"2":{"name":"(anonymous_2)","decl":{"start":{"line":13,"column":8},"end":{"line":13,"column":9}},"loc":{"start":{"line":13,"column":28},"end":{"line":15,"column":9}},"line":13},"3":{"name":"(anonymous_3)","decl":{"start":{"line":17,"column":8},"end":{"line":17,"column":9}},"loc":{"start":{"line":17,"column":32},"end":{"line":25,"column":9}},"line":17},"4":{"name":"(anonymous_4)","decl":{"start":{"line":27,"column":8},"end":{"line":27,"column":9}},"loc":{"start":{"line":27,"column":25},"end":{"line":36,"column":9}},"line":27}},"branchMap":{},"s":{"0":1,"1":1,"2":2,"3":2,"4":2,"5":2,"6":1,"7":1,"8":1,"9":0,"10":1,"11":1,"12":1},"f":{"0":1,"1":2,"2":1,"3":1,"4":1},"b":{},"_coverageSchema":"332fd63041d2c1bcb487cc26dd0d5f7d97098a6c","hash":"5adb9e35306a60d1dc73b1f118eb1821e6a027d6"}
,"E:\\JS\\Grupo6\\Grupo-6\\UniCardio\\backend\\classes\\professor.js": {"path":"E:\\JS\\Grupo6\\Grupo-6\\UniCardio\\backend\\classes\\professor.js","statementMap":{"0":{"start":{"line":1,"column":0},"end":{"line":45,"column":1}},"1":{"start":{"line":2,"column":21},"end":{"line":2,"column":39}},"2":{"start":{"line":3,"column":30},"end":{"line":3,"column":47}},"3":{"start":{"line":8,"column":12},"end":{"line":8,"column":40}},"4":{"start":{"line":9,"column":12},"end":{"line":9,"column":38}},"5":{"start":{"line":13,"column":33},"end":{"line":16,"column":24}},"6":{"start":{"line":18,"column":12},"end":{"line":18,"column":35}},"7":{"start":{"line":21,"column":32},"end":{"line":22,"column":66}},"8":{"start":{"line":24,"column":12},"end":{"line":24,"column":67}},"9":{"start":{"line":26,"column":12},"end":{"line":26,"column":41}},"10":{"start":{"line":30,"column":27},"end":{"line":33,"column":13}},"11":{"start":{"line":35,"column":12},"end":{"line":35,"column":25}},"12":{"start":{"line":39,"column":12},"end":{"line":39,"column":37}},"13":{"start":{"line":40,"column":12},"end":{"line":40,"column":76}},"14":{"start":{"line":44,"column":4},"end":{"line":44,"column":22}}},"fnMap":{"0":{"name":"(anonymous_0)","decl":{"start":{"line":1,"column":17},"end":{"line":1,"column":18}},"loc":{"start":{"line":1,"column":24},"end":{"line":45,"column":1}},"line":1},"1":{"name":"(anonymous_1)","decl":{"start":{"line":7,"column":8},"end":{"line":7,"column":9}},"loc":{"start":{"line":7,"column":53},"end":{"line":10,"column":9}},"line":7},"2":{"name":"(anonymous_2)","decl":{"start":{"line":12,"column":8},"end":{"line":12,"column":9}},"loc":{"start":{"line":12,"column":23},"end":{"line":19,"column":9}},"line":12},"3":{"name":"(anonymous_3)","decl":{"start":{"line":20,"column":8},"end":{"line":20,"column":9}},"loc":{"start":{"line":20,"column":32},"end":{"line":27,"column":9}},"line":20},"4":{"name":"(anonymous_4)","decl":{"start":{"line":29,"column":8},"end":{"line":29,"column":9}},"loc":{"start":{"line":29,"column":33},"end":{"line":36,"column":9}},"line":29},"5":{"name":"(anonymous_5)","decl":{"start":{"line":38,"column":8},"end":{"line":38,"column":9}},"loc":{"start":{"line":38,"column":27},"end":{"line":41,"column":9}},"line":38}},"branchMap":{},"s":{"0":1,"1":1,"2":1,"3":0,"4":0,"5":0,"6":0,"7":0,"8":0,"9":0,"10":0,"11":0,"12":0,"13":0,"14":1},"f":{"0":1,"1":0,"2":0,"3":0,"4":0,"5":0},"b":{},"_coverageSchema":"332fd63041d2c1bcb487cc26dd0d5f7d97098a6c","hash":"f5c28cb92670749dcbaae9e47afc386530810c50"}
,"E:\\JS\\Grupo6\\Grupo-6\\UniCardio\\backend\\classes\\residente.js": {"path":"E:\\JS\\Grupo6\\Grupo-6\\UniCardio\\backend\\classes\\residente.js","statementMap":{"0":{"start":{"line":1,"column":0},"end":{"line":39,"column":1}},"1":{"start":{"line":3,"column":21},"end":{"line":3,"column":39}},"2":{"start":{"line":4,"column":30},"end":{"line":4,"column":47}},"3":{"start":{"line":9,"column":12},"end":{"line":9,"column":40}},"4":{"start":{"line":10,"column":12},"end":{"line":10,"column":48}},"5":{"start":{"line":14,"column":12},"end":{"line":14,"column":37}},"6":{"start":{"line":15,"column":12},"end":{"line":15,"column":76}},"7":{"start":{"line":19,"column":32},"end":{"line":20,"column":66}},"8":{"start":{"line":22,"column":12},"end":{"line":22,"column":67}},"9":{"start":{"line":24,"column":12},"end":{"line":24,"column":41}},"10":{"start":{"line":28,"column":27},"end":{"line":31,"column":13}},"11":{"start":{"line":33,"column":12},"end":{"line":33,"column":25}},"12":{"start":{"line":38,"column":4},"end":{"line":38,"column":22}}},"fnMap":{"0":{"name":"(anonymous_0)","decl":{"start":{"line":1,"column":17},"end":{"line":1,"column":18}},"loc":{"start":{"line":1,"column":24},"end":{"line":39,"column":1}},"line":1},"1":{"name":"(anonymous_1)","decl":{"start":{"line":8,"column":8},"end":{"line":8,"column":9}},"loc":{"start":{"line":8,"column":58},"end":{"line":11,"column":9}},"line":8},"2":{"name":"(anonymous_2)","decl":{"start":{"line":13,"column":8},"end":{"line":13,"column":9}},"loc":{"start":{"line":13,"column":27},"end":{"line":16,"column":9}},"line":13},"3":{"name":"(anonymous_3)","decl":{"start":{"line":18,"column":8},"end":{"line":18,"column":9}},"loc":{"start":{"line":18,"column":32},"end":{"line":25,"column":9}},"line":18},"4":{"name":"(anonymous_4)","decl":{"start":{"line":27,"column":8},"end":{"line":27,"column":9}},"loc":{"start":{"line":27,"column":33},"end":{"line":34,"column":9}},"line":27}},"branchMap":{},"s":{"0":1,"1":1,"2":1,"3":0,"4":0,"5":0,"6":0,"7":0,"8":0,"9":0,"10":0,"11":0,"12":1},"f":{"0":1,"1":0,"2":0,"3":0,"4":0},"b":{},"_coverageSchema":"332fd63041d2c1bcb487cc26dd0d5f7d97098a6c","hash":"c075c10708a10424f3f06eb46d0369ddbccb5112"}
,"E:\\JS\\Grupo6\\Grupo-6\\UniCardio\\backend\\config\\db.js": {"path":"E:\\JS\\Grupo6\\Grupo-6\\UniCardio\\backend\\config\\db.js","statementMap":{"0":{"start":{"line":1,"column":15},"end":{"line":1,"column":40}},"1":{"start":{"line":2,"column":13},"end":{"line":2,"column":36}},"2":{"start":{"line":4,"column":0},"end":{"line":4,"column":29}},"3":{"start":{"line":5,"column":0},"end":{"line":5,"column":21}}},"fnMap":{},"branchMap":{},"s":{"0":1,"1":1,"2":1,"3":1},"f":{},"b":{},"_coverageSchema":"332fd63041d2c1bcb487cc26dd0d5f7d97098a6c","hash":"6d6b93c049bba2c9d9240c077368f090a42ca281"}
,"E:\\JS\\Grupo6\\Grupo-6\\UniCardio\\backend\\config\\middlewares.js": {"path":"E:\\JS\\Grupo6\\Grupo-6\\UniCardio\\backend\\config\\middlewares.js","statementMap":{"0":{"start":{"line":1,"column":19},"end":{"line":1,"column":41}},"1":{"start":{"line":2,"column":13},"end":{"line":2,"column":28}},"2":{"start":{"line":4,"column":0},"end":{"line":7,"column":1}},"3":{"start":{"line":5,"column":4},"end":{"line":5,"column":30}},"4":{"start":{"line":6,"column":4},"end":{"line":6,"column":19}}},"fnMap":{"0":{"name":"(anonymous_0)","decl":{"start":{"line":4,"column":17},"end":{"line":4,"column":18}},"loc":{"start":{"line":4,"column":24},"end":{"line":7,"column":1}},"line":4}},"branchMap":{},"s":{"0":1,"1":1,"2":1,"3":1,"4":1},"f":{"0":1},"b":{},"_coverageSchema":"332fd63041d2c1bcb487cc26dd0d5f7d97098a6c","hash":"1b4f60896ed4668cc723fa6307921e4d713c57d7"}
,"E:\\JS\\Grupo6\\Grupo-6\\UniCardio\\backend\\config\\rotas.js": {"path":"E:\\JS\\Grupo6\\Grupo-6\\UniCardio\\backend\\config\\rotas.js","statementMap":{"0":{"start":{"line":1,"column":0},"end":{"line":24,"column":1}},"1":{"start":{"line":2,"column":4},"end":{"line":2,"column":52}},"2":{"start":{"line":3,"column":4},"end":{"line":3,"column":66}},"3":{"start":{"line":5,"column":4},"end":{"line":6,"column":37}},"4":{"start":{"line":8,"column":4},"end":{"line":9,"column":40}},"5":{"start":{"line":11,"column":4},"end":{"line":12,"column":39}},"6":{"start":{"line":14,"column":4},"end":{"line":15,"column":36}},"7":{"start":{"line":17,"column":4},"end":{"line":18,"column":42}},"8":{"start":{"line":20,"column":4},"end":{"line":21,"column":40}}},"fnMap":{"0":{"name":"(anonymous_0)","decl":{"start":{"line":1,"column":17},"end":{"line":1,"column":18}},"loc":{"start":{"line":1,"column":24},"end":{"line":24,"column":1}},"line":1}},"branchMap":{},"s":{"0":1,"1":1,"2":1,"3":1,"4":1,"5":1,"6":1,"7":1,"8":1},"f":{"0":1},"b":{},"_coverageSchema":"332fd63041d2c1bcb487cc26dd0d5f7d97098a6c","hash":"0109d531eef90e29a952c61fd3779253ff94173d"}
,"E:\\JS\\Grupo6\\Grupo-6\\UniCardio\\backend\\config\\tipoExame.js": {"path":"E:\\JS\\Grupo6\\Grupo-6\\UniCardio\\backend\\config\\tipoExame.js","statementMap":{"0":{"start":{"line":1,"column":0},"end":{"line":25,"column":1}},"1":{"start":{"line":3,"column":26},"end":{"line":10,"column":5}},"2":{"start":{"line":4,"column":23},"end":{"line":4,"column":49}},"3":{"start":{"line":6,"column":8},"end":{"line":8,"column":9}},"4":{"start":{"line":7,"column":12},"end":{"line":7,"column":23}},"5":{"start":{"line":9,"column":8},"end":{"line":9,"column":20}},"6":{"start":{"line":12,"column":28},"end":{"line":22,"column":5}},"7":{"start":{"line":13,"column":27},"end":{"line":13,"column":84}},"8":{"start":{"line":15,"column":8},"end":{"line":21,"column":9}},"9":{"start":{"line":17,"column":11},"end":{"line":20,"column":14}},"10":{"start":{"line":18,"column":28},"end":{"line":18,"column":49}},"11":{"start":{"line":19,"column":16},"end":{"line":19,"column":54}},"12":{"start":{"line":24,"column":4},"end":{"line":24,"column":21}}},"fnMap":{"0":{"name":"(anonymous_0)","decl":{"start":{"line":1,"column":17},"end":{"line":1,"column":18}},"loc":{"start":{"line":1,"column":24},"end":{"line":25,"column":1}},"line":1},"1":{"name":"(anonymous_1)","decl":{"start":{"line":3,"column":26},"end":{"line":3,"column":27}},"loc":{"start":{"line":3,"column":38},"end":{"line":10,"column":5}},"line":3},"2":{"name":"(anonymous_2)","decl":{"start":{"line":12,"column":28},"end":{"line":12,"column":29}},"loc":{"start":{"line":12,"column":40},"end":{"line":22,"column":5}},"line":12},"3":{"name":"(anonymous_3)","decl":{"start":{"line":17,"column":30},"end":{"line":17,"column":31}},"loc":{"start":{"line":17,"column":45},"end":{"line":20,"column":12}},"line":17}},"branchMap":{"0":{"loc":{"start":{"line":6,"column":8},"end":{"line":8,"column":9}},"type":"if","locations":[{"start":{"line":6,"column":8},"end":{"line":8,"column":9}},{"start":{"line":6,"column":8},"end":{"line":8,"column":9}}],"line":6},"1":{"loc":{"start":{"line":15,"column":8},"end":{"line":21,"column":9}},"type":"if","locations":[{"start":{"line":15,"column":8},"end":{"line":21,"column":9}},{"start":{"line":15,"column":8},"end":{"line":21,"column":9}}],"line":15}},"s":{"0":1,"1":1,"2":1,"3":1,"4":1,"5":0,"6":1,"7":1,"8":1,"9":0,"10":0,"11":0,"12":1},"f":{"0":1,"1":1,"2":1,"3":0},"b":{"0":[1,0],"1":[0,1]},"_coverageSchema":"332fd63041d2c1bcb487cc26dd0d5f7d97098a6c","hash":"93d6f80ac9ce0338dc521d5884921cfca86c52f5"}
,"E:\\JS\\Grupo6\\Grupo-6\\UniCardio\\backend\\config\\tipoStatus.js": {"path":"E:\\JS\\Grupo6\\Grupo-6\\UniCardio\\backend\\config\\tipoStatus.js","statementMap":{"0":{"start":{"line":1,"column":0},"end":{"line":25,"column":1}},"1":{"start":{"line":3,"column":26},"end":{"line":10,"column":5}},"2":{"start":{"line":4,"column":23},"end":{"line":4,"column":50}},"3":{"start":{"line":6,"column":8},"end":{"line":8,"column":9}},"4":{"start":{"line":7,"column":12},"end":{"line":7,"column":23}},"5":{"start":{"line":9,"column":8},"end":{"line":9,"column":20}},"6":{"start":{"line":12,"column":28},"end":{"line":22,"column":5}},"7":{"start":{"line":13,"column":27},"end":{"line":13,"column":79}},"8":{"start":{"line":15,"column":8},"end":{"line":21,"column":9}},"9":{"start":{"line":17,"column":11},"end":{"line":20,"column":14}},"10":{"start":{"line":18,"column":28},"end":{"line":18,"column":46}},"11":{"start":{"line":19,"column":16},"end":{"line":19,"column":55}},"12":{"start":{"line":24,"column":4},"end":{"line":24,"column":21}}},"fnMap":{"0":{"name":"(anonymous_0)","decl":{"start":{"line":1,"column":17},"end":{"line":1,"column":18}},"loc":{"start":{"line":1,"column":24},"end":{"line":25,"column":1}},"line":1},"1":{"name":"(anonymous_1)","decl":{"start":{"line":3,"column":26},"end":{"line":3,"column":27}},"loc":{"start":{"line":3,"column":38},"end":{"line":10,"column":5}},"line":3},"2":{"name":"(anonymous_2)","decl":{"start":{"line":12,"column":28},"end":{"line":12,"column":29}},"loc":{"start":{"line":12,"column":40},"end":{"line":22,"column":5}},"line":12},"3":{"name":"(anonymous_3)","decl":{"start":{"line":17,"column":30},"end":{"line":17,"column":31}},"loc":{"start":{"line":17,"column":46},"end":{"line":20,"column":12}},"line":17}},"branchMap":{"0":{"loc":{"start":{"line":6,"column":8},"end":{"line":8,"column":9}},"type":"if","locations":[{"start":{"line":6,"column":8},"end":{"line":8,"column":9}},{"start":{"line":6,"column":8},"end":{"line":8,"column":9}}],"line":6},"1":{"loc":{"start":{"line":15,"column":8},"end":{"line":21,"column":9}},"type":"if","locations":[{"start":{"line":15,"column":8},"end":{"line":21,"column":9}},{"start":{"line":15,"column":8},"end":{"line":21,"column":9}}],"line":15}},"s":{"0":1,"1":1,"2":1,"3":1,"4":1,"5":0,"6":1,"7":1,"8":1,"9":0,"10":0,"11":0,"12":1},"f":{"0":1,"1":1,"2":1,"3":0},"b":{"0":[1,0],"1":[0,1]},"_coverageSchema":"332fd63041d2c1bcb487cc26dd0d5f7d97098a6c","hash":"5701ee0fd321cb958d25cc4e100514ee10f1d8bc"}
}
