TN:
SF:E:\JS\Grupo6\Grupo-6\UniCardio\backend\.env
FNF:0
FNH:0
DA:1,1
LF:1
LH:1
BRF:0
BRH:0
end_of_record
TN:
SF:E:\JS\Grupo6\Grupo-6\UniCardio\backend\index.js
FN:30,(anonymous_0)
FNF:1
FNH:1
FNDA:1,(anonymous_0)
DA:1,1
DA:2,1
DA:3,1
DA:5,1
DA:7,1
DA:30,1
DA:31,1
DA:34,1
LF:8
LH:8
BRF:0
BRH:0
end_of_record
TN:
SF:E:\JS\Grupo6\Grupo-6\UniCardio\backend\knexfile.js
FNF:0
FNH:0
DA:1,1
LF:1
LH:1
BRF:0
BRH:0
end_of_record
TN:
SF:E:\JS\Grupo6\Grupo-6\UniCardio\backend\api\autenticacao.js
FN:5,(anonymous_0)
FN:6,(anonymous_1)
FN:38,(anonymous_2)
FNF:3
FNH:1
FNDA:1,(anonymous_0)
FNDA:0,(anonymous_1)
FNDA:0,(anonymous_2)
DA:1,1
DA:2,1
DA:3,1
DA:5,1
DA:6,1
DA:8,0
DA:9,0
DA:12,0
DA:16,0
DA:18,0
DA:19,0
DA:21,0
DA:23,0
DA:32,0
DA:38,1
DA:39,0
DA:41,0
DA:42,0
DA:43,0
DA:44,0
DA:45,0
DA:52,0
DA:55,1
LF:23
LH:7
BRDA:8,0,0,0
BRDA:8,0,1,0
BRDA:8,1,0,0
BRDA:8,1,1,0
BRDA:16,2,0,0
BRDA:16,2,1,0
BRDA:19,3,0,0
BRDA:19,3,1,0
BRDA:39,4,0,0
BRDA:39,4,1,0
BRDA:42,5,0,0
BRDA:42,5,1,0
BRDA:44,6,0,0
BRDA:44,6,1,0
BRF:14
BRH:0
end_of_record
TN:
SF:E:\JS\Grupo6\Grupo-6\UniCardio\backend\api\exame.js
FN:1,(anonymous_0)
FN:5,(anonymous_1)
FNF:2
FNH:1
FNDA:1,(anonymous_0)
FNDA:0,(anonymous_1)
DA:1,1
DA:2,1
DA:3,1
DA:5,1
DA:6,0
DA:8,0
DA:9,0
DA:10,0
DA:11,0
DA:12,0
DA:15,0
DA:16,0
DA:19,0
DA:22,0
DA:24,0
DA:28,1
LF:16
LH:5
BRF:0
BRH:0
end_of_record
TN:
SF:E:\JS\Grupo6\Grupo-6\UniCardio\backend\api\medico.js
FN:1,(anonymous_0)
FN:8,(anonymous_1)
FN:52,(anonymous_2)
FN:76,(anonymous_3)
FN:85,(anonymous_4)
FN:86,(anonymous_5)
FN:93,isResidente
FN:100,isProfessor
FN:107,isProfissional
FNF:9
FNH:1
FNDA:1,(anonymous_0)
FNDA:0,(anonymous_1)
FNDA:0,(anonymous_2)
FNDA:0,(anonymous_3)
FNDA:0,(anonymous_4)
FNDA:0,(anonymous_5)
FNDA:0,isResidente
FNDA:0,isProfessor
FNDA:0,isProfissional
DA:1,1
DA:2,1
DA:4,1
DA:5,1
DA:6,1
DA:8,1
DA:10,0
DA:12,0
DA:13,0
DA:15,0
DA:16,0
DA:18,0
DA:19,0
DA:22,0
DA:26,0
DA:29,0
DA:32,0
DA:33,0
DA:35,0
DA:36,0
DA:38,0
DA:40,0
DA:42,0
DA:44,0
DA:47,0
DA:52,1
DA:53,0
DA:54,0
DA:56,0
DA:58,0
DA:59,0
DA:61,0
DA:62,0
DA:64,0
DA:65,0
DA:67,0
DA:71,0
DA:76,1
DA:77,0
DA:78,0
DA:80,0
DA:81,0
DA:83,0
DA:84,0
DA:85,0
DA:86,0
DA:94,0
DA:95,0
DA:97,0
DA:101,0
DA:102,0
DA:104,0
DA:108,0
DA:109,0
DA:111,0
DA:115,1
LF:56
LH:9
BRDA:15,0,0,0
BRDA:15,0,1,0
BRDA:18,1,0,0
BRDA:18,1,1,0
BRDA:32,2,0,0
BRDA:32,2,1,0
BRDA:35,3,0,0
BRDA:35,3,1,0
BRDA:38,4,0,0
BRDA:38,4,1,0
BRDA:58,5,0,0
BRDA:58,5,1,0
BRDA:61,6,0,0
BRDA:61,6,1,0
BRDA:64,7,0,0
BRDA:64,7,1,0
BRDA:77,8,0,0
BRDA:77,8,1,0
BRDA:80,9,0,0
BRDA:80,9,1,0
BRDA:83,10,0,0
BRDA:83,10,1,0
BRDA:94,11,0,0
BRDA:94,11,1,0
BRDA:101,12,0,0
BRDA:101,12,1,0
BRDA:108,13,0,0
BRDA:108,13,1,0
BRF:28
BRH:0
end_of_record
TN:
SF:E:\JS\Grupo6\Grupo-6\UniCardio\backend\api\paciente.js
FN:1,(anonymous_0)
FN:6,(anonymous_1)
FN:25,(anonymous_2)
FN:36,(anonymous_3)
FN:38,(anonymous_4)
FN:39,(anonymous_5)
FNF:6
FNH:1
FNDA:1,(anonymous_0)
FNDA:0,(anonymous_1)
FNDA:0,(anonymous_2)
FNDA:0,(anonymous_3)
FNDA:0,(anonymous_4)
FNDA:0,(anonymous_5)
DA:1,1
DA:2,1
DA:4,1
DA:6,1
DA:7,0
DA:9,0
DA:10,0
DA:11,0
DA:12,0
DA:15,0
DA:18,0
DA:20,0
DA:22,0
DA:25,1
DA:26,0
DA:27,0
DA:28,0
DA:30,0
DA:32,0
DA:36,1
DA:37,0
DA:38,0
DA:39,0
DA:42,1
LF:24
LH:7
BRF:0
BRH:0
end_of_record
TN:
SF:E:\JS\Grupo6\Grupo-6\UniCardio\backend\api\professor.js
FN:1,(anonymous_0)
FN:6,(anonymous_1)
FN:23,(anonymous_2)
FN:35,(anonymous_3)
FN:37,(anonymous_4)
FN:38,(anonymous_5)
FNF:6
FNH:1
FNDA:1,(anonymous_0)
FNDA:0,(anonymous_1)
FNDA:0,(anonymous_2)
FNDA:0,(anonymous_3)
FNDA:0,(anonymous_4)
FNDA:0,(anonymous_5)
DA:1,1
DA:2,1
DA:4,1
DA:6,1
DA:7,0
DA:9,0
DA:10,0
DA:13,0
DA:16,0
DA:18,0
DA:20,0
DA:23,1
DA:24,0
DA:25,0
DA:26,0
DA:28,0
DA:31,0
DA:35,1
DA:36,0
DA:37,0
DA:38,0
DA:41,1
LF:22
LH:7
BRF:0
BRH:0
end_of_record
TN:
SF:E:\JS\Grupo6\Grupo-6\UniCardio\backend\api\residente.js
FN:1,(anonymous_0)
FN:6,(anonymous_1)
FN:23,(anonymous_2)
FN:35,(anonymous_3)
FN:37,(anonymous_4)
FN:38,(anonymous_5)
FNF:6
FNH:1
FNDA:1,(anonymous_0)
FNDA:0,(anonymous_1)
FNDA:0,(anonymous_2)
FNDA:0,(anonymous_3)
FNDA:0,(anonymous_4)
FNDA:0,(anonymous_5)
DA:1,1
DA:2,1
DA:4,1
DA:6,1
DA:7,0
DA:9,0
DA:10,0
DA:13,0
DA:16,0
DA:18,0
DA:20,0
DA:23,1
DA:24,0
DA:25,0
DA:26,0
DA:28,0
DA:31,0
DA:35,1
DA:36,0
DA:37,0
DA:38,0
DA:41,1
LF:22
LH:7
BRF:0
BRH:0
end_of_record
TN:
SF:E:\JS\Grupo6\Grupo-6\UniCardio\backend\api\usuario.js
FN:2,(anonymous_0)
FN:10,(anonymous_1)
FN:16,(anonymous_2)
FN:62,(anonymous_3)
FN:84,(anonymous_4)
FN:86,(anonymous_5)
FN:87,(anonymous_6)
FN:90,(anonymous_7)
FN:109,(anonymous_8)
FN:110,(anonymous_9)
FN:116,isMedico
FN:123,isPaciente
FN:130,isUsuario
FNF:13
FNH:11
FNDA:1,(anonymous_0)
FNDA:1,(anonymous_1)
FNDA:5,(anonymous_2)
FNDA:1,(anonymous_3)
FNDA:2,(anonymous_4)
FNDA:2,(anonymous_5)
FNDA:0,(anonymous_6)
FNDA:1,(anonymous_7)
FNDA:1,(anonymous_8)
FNDA:0,(anonymous_9)
FNDA:2,isMedico
FNDA:2,isPaciente
FNDA:3,isUsuario
DA:1,1
DA:2,1
DA:4,1
DA:6,1
DA:7,1
DA:8,1
DA:10,1
DA:11,1
DA:13,1
DA:16,1
DA:18,5
DA:20,5
DA:22,5
DA:23,4
DA:24,3
DA:25,2
DA:26,2
DA:28,2
DA:31,2
DA:34,4
DA:37,1
DA:38,1
DA:40,1
DA:41,0
DA:44,1
DA:46,1
DA:47,0
DA:49,1
DA:50,0
DA:52,1
DA:54,1
DA:56,1
DA:58,1
DA:62,1
DA:64,1
DA:65,1
DA:66,0
DA:68,1
DA:69,0
DA:71,1
DA:72,1
DA:73,1
DA:75,1
DA:79,0
DA:84,1
DA:85,2
DA:86,2
DA:87,0
DA:90,1
DA:91,1
DA:93,1
DA:94,0
DA:95,0
DA:96,0
DA:99,0
DA:102,0
DA:103,0
DA:106,1
DA:109,1
DA:110,0
DA:117,2
DA:118,0
DA:120,2
DA:124,2
DA:125,0
DA:127,2
DA:131,3
DA:132,3
DA:134,0
DA:138,1
LF:70
LH:53
BRDA:40,0,0,0
BRDA:40,0,1,1
BRDA:46,1,0,0
BRDA:46,1,1,1
BRDA:49,2,0,0
BRDA:49,2,1,1
BRDA:52,3,0,1
BRDA:52,3,1,0
BRDA:65,4,0,0
BRDA:65,4,1,1
BRDA:68,5,0,0
BRDA:68,5,1,1
BRDA:71,6,0,1
BRDA:71,6,1,0
BRDA:93,7,0,0
BRDA:93,7,1,1
BRDA:117,8,0,0
BRDA:117,8,1,2
BRDA:124,9,0,0
BRDA:124,9,1,2
BRDA:131,10,0,3
BRDA:131,10,1,0
BRF:22
BRH:11
end_of_record
TN:
SF:E:\JS\Grupo6\Grupo-6\UniCardio\backend\api\validacao.js
FN:1,(anonymous_0)
FN:2,existsOrError
FN:8,notExistsOrError
FN:17,equalsOrError
FNF:4
FNH:4
FNDA:1,(anonymous_0)
FNDA:17,existsOrError
FNDA:2,notExistsOrError
FNDA:2,equalsOrError
DA:1,1
DA:3,17
DA:4,13
DA:5,13
DA:9,2
DA:10,2
DA:12,1
DA:14,1
DA:18,2
DA:21,1
LF:10
LH:10
BRDA:3,0,0,4
BRDA:3,0,1,13
BRDA:4,1,0,0
BRDA:4,1,1,13
BRDA:4,2,0,13
BRDA:4,2,1,0
BRDA:5,3,0,0
BRDA:5,3,1,13
BRDA:5,4,0,13
BRDA:5,4,1,10
BRDA:18,5,0,0
BRDA:18,5,1,2
BRF:12
BRH:8
end_of_record
TN:
SF:E:\JS\Grupo6\Grupo-6\UniCardio\backend\classes\exame.js
FN:1,(anonymous_0)
FN:4,(anonymous_1)
FN:14,(anonymous_2)
FN:24,(anonymous_3)
FN:29,(anonymous_4)
FN:40,(anonymous_5)
FN:54,(anonymous_6)
FN:63,(anonymous_7)
FNF:8
FNH:1
FNDA:1,(anonymous_0)
FNDA:0,(anonymous_1)
FNDA:0,(anonymous_2)
FNDA:0,(anonymous_3)
FNDA:0,(anonymous_4)
FNDA:0,(anonymous_5)
FNDA:0,(anonymous_6)
FNDA:0,(anonymous_7)
DA:1,1
DA:5,0
DA:6,0
DA:7,0
DA:8,0
DA:9,0
DA:10,0
DA:11,0
DA:15,0
DA:16,0
DA:17,0
DA:20,0
DA:25,0
DA:28,0
DA:29,0
DA:30,0
DA:33,0
DA:37,0
DA:41,0
DA:51,0
DA:55,0
DA:60,0
DA:64,0
DA:69,0
DA:76,1
LF:25
LH:2
BRDA:15,0,0,0
BRDA:15,0,1,0
BRDA:30,1,0,0
BRDA:30,1,1,0
BRDA:30,2,0,0
BRDA:30,2,1,0
BRDA:30,2,2,0
BRF:7
BRH:0
end_of_record
TN:
SF:E:\JS\Grupo6\Grupo-6\UniCardio\backend\classes\medico.js
FN:1,(anonymous_0)
FN:7,(anonymous_1)
FN:12,(anonymous_2)
FN:17,(anonymous_3)
FN:27,(anonymous_4)
FN:36,(anonymous_5)
FN:45,(anonymous_6)
FN:54,(anonymous_7)
FN:66,(anonymous_8)
FNF:9
FNH:1
FNDA:1,(anonymous_0)
FNDA:0,(anonymous_1)
FNDA:0,(anonymous_2)
FNDA:0,(anonymous_3)
FNDA:0,(anonymous_4)
FNDA:0,(anonymous_5)
FNDA:0,(anonymous_6)
FNDA:0,(anonymous_7)
FNDA:0,(anonymous_8)
DA:1,1
DA:2,1
DA:3,1
DA:8,0
DA:9,0
DA:13,0
DA:14,0
DA:18,0
DA:21,0
DA:23,0
DA:28,0
DA:33,0
DA:37,0
DA:42,0
DA:46,0
DA:51,0
DA:55,0
DA:59,0
DA:60,0
DA:62,0
DA:68,0
DA:72,0
DA:73,0
DA:75,0
DA:81,1
LF:25
LH:4
BRDA:59,0,0,0
BRDA:59,0,1,0
BRDA:72,1,0,0
BRDA:72,1,1,0
BRF:4
BRH:0
end_of_record
TN:
SF:E:\JS\Grupo6\Grupo-6\UniCardio\backend\classes\paciente.js
FN:1,(anonymous_0)
FN:6,(anonymous_1)
FN:13,(anonymous_2)
FN:22,(anonymous_3)
FN:33,(anonymous_4)
FNF:5
FNH:1
FNDA:1,(anonymous_0)
FNDA:0,(anonymous_1)
FNDA:0,(anonymous_2)
FNDA:0,(anonymous_3)
FNDA:0,(anonymous_4)
DA:1,1
DA:3,1
DA:7,0
DA:8,0
DA:9,0
DA:10,0
DA:14,0
DA:19,0
DA:23,0
DA:30,0
DA:34,0
DA:35,0
DA:39,1
LF:13
LH:3
BRF:0
BRH:0
end_of_record
TN:
SF:E:\JS\Grupo6\Grupo-6\UniCardio\backend\classes\pessoa.js
FN:1,(anonymous_0)
FN:6,(anonymous_1)
FN:13,(anonymous_2)
FN:17,(anonymous_3)
FN:27,(anonymous_4)
FNF:5
FNH:5
FNDA:1,(anonymous_0)
FNDA:2,(anonymous_1)
FNDA:1,(anonymous_2)
FNDA:1,(anonymous_3)
FNDA:1,(anonymous_4)
DA:1,1
DA:2,1
DA:7,2
DA:8,2
DA:9,2
DA:10,2
DA:14,1
DA:18,1
DA:20,1
DA:23,0
DA:28,1
DA:35,1
DA:39,1
LF:13
LH:12
BRF:0
BRH:0
end_of_record
TN:
SF:E:\JS\Grupo6\Grupo-6\UniCardio\backend\classes\professor.js
FN:1,(anonymous_0)
FN:7,(anonymous_1)
FN:12,(anonymous_2)
FN:20,(anonymous_3)
FN:29,(anonymous_4)
FN:38,(anonymous_5)
FNF:6
FNH:1
FNDA:1,(anonymous_0)
FNDA:0,(anonymous_1)
FNDA:0,(anonymous_2)
FNDA:0,(anonymous_3)
FNDA:0,(anonymous_4)
FNDA:0,(anonymous_5)
DA:1,1
DA:2,1
DA:3,1
DA:8,0
DA:9,0
DA:13,0
DA:18,0
DA:21,0
DA:24,0
DA:26,0
DA:30,0
DA:35,0
DA:39,0
DA:40,0
DA:44,1
LF:15
LH:4
BRF:0
BRH:0
end_of_record
TN:
SF:E:\JS\Grupo6\Grupo-6\UniCardio\backend\classes\residente.js
FN:1,(anonymous_0)
FN:8,(anonymous_1)
FN:13,(anonymous_2)
FN:18,(anonymous_3)
FN:27,(anonymous_4)
FNF:5
FNH:1
FNDA:1,(anonymous_0)
FNDA:0,(anonymous_1)
FNDA:0,(anonymous_2)
FNDA:0,(anonymous_3)
FNDA:0,(anonymous_4)
DA:1,1
DA:3,1
DA:4,1
DA:9,0
DA:10,0
DA:14,0
DA:15,0
DA:19,0
DA:22,0
DA:24,0
DA:28,0
DA:33,0
DA:38,1
LF:13
LH:4
BRF:0
BRH:0
end_of_record
TN:
SF:E:\JS\Grupo6\Grupo-6\UniCardio\backend\config\db.js
FNF:0
FNH:0
DA:1,1
DA:2,1
DA:4,1
DA:5,1
LF:4
LH:4
BRF:0
BRH:0
end_of_record
TN:
SF:E:\JS\Grupo6\Grupo-6\UniCardio\backend\config\middlewares.js
FN:4,(anonymous_0)
FNF:1
FNH:1
FNDA:1,(anonymous_0)
DA:1,1
DA:2,1
DA:4,1
DA:5,1
DA:6,1
LF:5
LH:5
BRF:0
BRH:0
end_of_record
TN:
SF:E:\JS\Grupo6\Grupo-6\UniCardio\backend\config\rotas.js
FN:1,(anonymous_0)
FNF:1
FNH:1
FNDA:1,(anonymous_0)
DA:1,1
DA:2,1
DA:3,1
DA:5,1
DA:8,1
DA:11,1
DA:14,1
DA:17,1
DA:20,1
LF:9
LH:9
BRF:0
BRH:0
end_of_record
TN:
SF:E:\JS\Grupo6\Grupo-6\UniCardio\backend\config\tipoExame.js
FN:1,(anonymous_0)
FN:3,(anonymous_1)
FN:12,(anonymous_2)
FN:17,(anonymous_3)
FNF:4
FNH:3
FNDA:1,(anonymous_0)
FNDA:1,(anonymous_1)
FNDA:1,(anonymous_2)
FNDA:0,(anonymous_3)
DA:1,1
DA:3,1
DA:4,1
DA:6,1
DA:7,1
DA:9,0
DA:12,1
DA:13,1
DA:15,1
DA:17,0
DA:18,0
DA:19,0
DA:24,1
LF:13
LH:9
BRDA:6,0,0,1
BRDA:6,0,1,0
BRDA:15,1,0,0
BRDA:15,1,1,1
BRF:4
BRH:2
end_of_record
TN:
SF:E:\JS\Grupo6\Grupo-6\UniCardio\backend\config\tipoStatus.js
FN:1,(anonymous_0)
FN:3,(anonymous_1)
FN:12,(anonymous_2)
FN:17,(anonymous_3)
FNF:4
FNH:3
FNDA:1,(anonymous_0)
FNDA:1,(anonymous_1)
FNDA:1,(anonymous_2)
FNDA:0,(anonymous_3)
DA:1,1
DA:3,1
DA:4,1
DA:6,1
DA:7,1
DA:9,0
DA:12,1
DA:13,1
DA:15,1
DA:17,0
DA:18,0
DA:19,0
DA:24,1
LF:13
LH:9
BRDA:6,0,0,1
BRDA:6,0,1,0
BRDA:15,1,0,0
BRDA:15,1,1,1
BRF:4
BRH:2
end_of_record
